Using pre-set license
Built from '2020.2/release' branch; Version is '2020.2.1f1 (270dd8c3da1c) revision 2559448'; Using compiler version '192528614'; Build Type 'Release'
OS: 'Windows 10  (10.0.0) 64bit' Language: 'en' Physical Memory: 8140 MB
BatchMode: 1, IsHumanControllingUs: 0, StartBugReporterOnCrash: 0, Is64bit: 1, IsPro: 0

 COMMAND LINE ARGUMENTS:
D:\ProgramData\Unity Editors\2020.2.1f1\Editor\Unity.exe
-adb2
-batchMode
-noUpm
-name
AssetImportWorker0
-projectPath
C:/Users/love/Documents/GitHub/UnityGame-Slayer/slayer
-logFile
Logs/AssetImportWorker0.log
-srvPort
60667
Successfully changed project path to: C:/Users/love/Documents/GitHub/UnityGame-Slayer/slayer
C:/Users/love/Documents/GitHub/UnityGame-Slayer/slayer
Using Asset Import Pipeline V2.
Refreshing native plugins compatible for Editor in 73.81 ms, found 0 plugins.
Preloading 0 native plugins for Editor in 0.00 ms.
Initialize engine version: 2020.2.1f1 (270dd8c3da1c)
[Subsystems] Discovering subsystems at path D:/ProgramData/Unity Editors/2020.2.1f1/Editor/Data/Resources/UnitySubsystems
[Subsystems] Discovering subsystems at path C:/Users/love/Documents/GitHub/UnityGame-Slayer/slayer/Assets
GfxDevice: creating device client; threaded=0
Direct3D:
    Version:  Direct3D 11.0 [level 11.1]
    Renderer: Radeon RX 580 Series (ID=0x67df)
    Vendor:   
    VRAM:     4075 MB
    Driver:   27.20.12027.1001
Shader 'Universal Render Pipeline/Particles/Lit': fallback shader 'Universal Render Pipeline/Particles/SimpleLit' not found
Initialize mono
Mono path[0] = 'D:/ProgramData/Unity Editors/2020.2.1f1/Editor/Data/Managed'
Mono path[1] = 'D:/ProgramData/Unity Editors/2020.2.1f1/Editor/Data/MonoBleedingEdge/lib/mono/unityjit'
Mono config path = 'D:/ProgramData/Unity Editors/2020.2.1f1/Editor/Data/MonoBleedingEdge/etc'
Using monoOptions --debugger-agent=transport=dt_socket,embedding=1,server=y,suspend=n,address=127.0.0.1:56572
Begin MonoManager ReloadAssembly
Registering precompiled unity dll's ...
Register platform support module: D:/ProgramData/Unity Editors/2020.2.1f1/Editor/Data/PlaybackEngines/WebGLSupport/UnityEditor.WebGL.Extensions.dll
Register platform support module: D:/ProgramData/Unity Editors/2020.2.1f1/Editor/Data/PlaybackEngines/WindowsStandaloneSupport/UnityEditor.WindowsStandalone.Extensions.dll
Registered in 0.031172 seconds.
Native extension for WindowsStandalone target not found
Native extension for WebGL target not found
Refreshing native plugins compatible for Editor in 59.85 ms, found 0 plugins.
Preloading 0 native plugins for Editor in 0.00 ms.
Invoked RoslynAnalysisRunner static constructor.
RoslynAnalysisRunner will not be running.
RoslynAnalysisRunner has terminated.
Mono: successfully reloaded assembly
- Completed reload, in  6.206 seconds
Platform modules already initialized, skipping
Registering precompiled user dll's ...
Registered in 0.007736 seconds.
Begin MonoManager ReloadAssembly
Native extension for WindowsStandalone target not found
Native extension for WebGL target not found
Refreshing native plugins compatible for Editor in 61.25 ms, found 0 plugins.
Preloading 0 native plugins for Editor in 0.00 ms.
Invoked RoslynAnalysisRunner static constructor.
RoslynAnalysisRunner will not be running.
RoslynAnalysisRunner has terminated.
Mono: successfully reloaded assembly
- Completed reload, in  1.253 seconds
Platform modules already initialized, skipping
========================================================================
Worker process is ready to serve import requests
Shader 'Universal Render Pipeline/Particles/Lit': fallback shader 'Universal Render Pipeline/Particles/SimpleLit' not found
Launched and connected shader compiler UnityShaderCompiler.exe after 0.11 seconds
Refreshing native plugins compatible for Editor in 0.53 ms, found 0 plugins.
Preloading 0 native plugins for Editor in 0.00 ms.
Unloading 2409 Unused Serialized files (Serialized files now loaded: 0)
System memory in use before: 183.7 MB.
System memory in use after: 183.9 MB.

Unloading 10 unused Assets to reduce memory usage. Loaded Objects now: 2854.
Total: 3.630400 ms (FindLiveObjects: 0.296000 ms CreateObjectMapping: 0.150200 ms MarkObjects: 3.052400 ms  DeleteObjects: 0.130200 ms)

========================================================================
Received Import Request.
  path: Assets/Images/Sprites/lantern.png
  artifactKey: Guid(7a6eac79358450241a0d3fc216c141f3) Importer(815301076,1909f56bfc062723c751e8b465ee728b)
Start importing Assets/Images/Sprites/lantern.png using Guid(7a6eac79358450241a0d3fc216c141f3) Importer(815301076,1909f56bfc062723c751e8b465ee728b)  -> (artifact id: '73286234e1b7a476f15ea9e2be4ab2db') in 0.181201 seconds
  Import took 0.191521 seconds .

========================================================================
Received Import Request.
  Time since last request: 2.087059 seconds.
  path: Assets/Images/Sprites/lantern.png
  artifactKey: Guid(7a6eac79358450241a0d3fc216c141f3) Importer(815301076,1909f56bfc062723c751e8b465ee728b)
Start importing Assets/Images/Sprites/lantern.png using Guid(7a6eac79358450241a0d3fc216c141f3) Importer(815301076,1909f56bfc062723c751e8b465ee728b)  -> (artifact id: '6a47e0aa2c46010b278cf9b11136e365') in 0.245693 seconds
  Import took 0.256747 seconds .

========================================================================
Received Prepare
Registering precompiled user dll's ...
Registered in 0.007171 seconds.
Begin MonoManager ReloadAssembly
Native extension for WindowsStandalone target not found
Native extension for WebGL target not found
Refreshing native plugins compatible for Editor in 0.48 ms, found 0 plugins.
Preloading 0 native plugins for Editor in 0.00 ms.
Invoked RoslynAnalysisRunner static constructor.
RoslynAnalysisRunner will not be running.
RoslynAnalysisRunner has terminated.
Mono: successfully reloaded assembly
- Completed reload, in  1.328 seconds
Platform modules already initialized, skipping
Shader 'Universal Render Pipeline/Particles/Lit': fallback shader 'Universal Render Pipeline/Particles/SimpleLit' not found
Refreshing native plugins compatible for Editor in 0.45 ms, found 0 plugins.
Preloading 0 native plugins for Editor in 0.00 ms.
Unloading 2299 Unused Serialized files (Serialized files now loaded: 0)
System memory in use before: 180.9 MB.
System memory in use after: 181.1 MB.

Unloading 5 unused Assets to reduce memory usage. Loaded Objects now: 2862.
Total: 2.479100 ms (FindLiveObjects: 0.257300 ms CreateObjectMapping: 0.093000 ms MarkObjects: 2.108300 ms  DeleteObjects: 0.019000 ms)

========================================================================
Received Prepare
Registering precompiled user dll's ...
Registered in 0.006914 seconds.
Begin MonoManager ReloadAssembly
Native extension for WindowsStandalone target not found
Native extension for WebGL target not found
Refreshing native plugins compatible for Editor in 0.62 ms, found 0 plugins.
Preloading 0 native plugins for Editor in 0.00 ms.
Invoked RoslynAnalysisRunner static constructor.
RoslynAnalysisRunner will not be running.
RoslynAnalysisRunner has terminated.
Mono: successfully reloaded assembly
- Completed reload, in  1.240 seconds
Platform modules already initialized, skipping
Shader 'Universal Render Pipeline/Particles/Lit': fallback shader 'Universal Render Pipeline/Particles/SimpleLit' not found
Refreshing native plugins compatible for Editor in 0.59 ms, found 0 plugins.
Preloading 0 native plugins for Editor in 0.00 ms.
Unloading 2299 Unused Serialized files (Serialized files now loaded: 0)
System memory in use before: 181.9 MB.
System memory in use after: 182.1 MB.

Unloading 5 unused Assets to reduce memory usage. Loaded Objects now: 2864.
Total: 2.417800 ms (FindLiveObjects: 0.319900 ms CreateObjectMapping: 0.099300 ms MarkObjects: 1.979500 ms  DeleteObjects: 0.017700 ms)

========================================================================
Received Import Request.
  Time since last request: 793.356253 seconds.
  path: Assets/Prefabs/LanternHolder.prefab
  artifactKey: Guid(3f573c68a73d366459bc497010090948) Importer(815301076,1909f56bfc062723c751e8b465ee728b)
Start importing Assets/Prefabs/LanternHolder.prefab using Guid(3f573c68a73d366459bc497010090948) Importer(815301076,1909f56bfc062723c751e8b465ee728b)  -> (artifact id: '3f51f536c5ad5e0ead916dfdc705f5fa') in 0.295369 seconds
  Import took 0.301354 seconds .

========================================================================
Received Import Request.
  Time since last request: 9.156879 seconds.
  path: Assets/Scenes/Level-7.unity
  artifactKey: Guid(dbc44a13793bb3d408df4bcb94c1a533) Importer(815301076,1909f56bfc062723c751e8b465ee728b)
Start importing Assets/Scenes/Level-7.unity using Guid(dbc44a13793bb3d408df4bcb94c1a533) Importer(815301076,1909f56bfc062723c751e8b465ee728b)  -> (artifact id: '67bdf9efb9452afe212aa92cc162ee33') in 0.011588 seconds
  Import took 0.017774 seconds .

========================================================================
Received Import Request.
  Time since last request: 25.816075 seconds.
  path: Assets/Scenes/Level-2.unity
  artifactKey: Guid(9bdc0cd774dd7d14ab49d75629341031) Importer(815301076,1909f56bfc062723c751e8b465ee728b)
Start importing Assets/Scenes/Level-2.unity using Guid(9bdc0cd774dd7d14ab49d75629341031) Importer(815301076,1909f56bfc062723c751e8b465ee728b)  -> (artifact id: 'a7371d9dc9d6402b522c45ae5e0bc1c2') in 0.008839 seconds
  Import took 0.015598 seconds .

========================================================================
Received Import Request.
  Time since last request: 8.505688 seconds.
  path: Assets/Scenes/Level-3.unity
  artifactKey: Guid(8769378a397059e4fa2776b66ccf163d) Importer(815301076,1909f56bfc062723c751e8b465ee728b)
Start importing Assets/Scenes/Level-3.unity using Guid(8769378a397059e4fa2776b66ccf163d) Importer(815301076,1909f56bfc062723c751e8b465ee728b)  -> (artifact id: '13eabdb5a3c47ecc1227e40e4cf49330') in 0.009521 seconds
  Import took 0.018067 seconds .

========================================================================
Received Import Request.
  Time since last request: 14.403981 seconds.
  path: Assets/Prefabs/Player.prefab
  artifactKey: Guid(9cc6cc71d6c36e142a6155effd7a7f7a) Importer(815301076,1909f56bfc062723c751e8b465ee728b)
Start importing Assets/Prefabs/Player.prefab using Guid(9cc6cc71d6c36e142a6155effd7a7f7a) Importer(815301076,1909f56bfc062723c751e8b465ee728b)  -> (artifact id: '9d5fe073d8f91ce1270b14ad09217a21') in 0.035692 seconds
  Import took 0.041254 seconds .

========================================================================
Received Prepare
Registering precompiled user dll's ...
Registered in 0.007108 seconds.
Begin MonoManager ReloadAssembly
Native extension for WindowsStandalone target not found
Native extension for WebGL target not found
Refreshing native plugins compatible for Editor in 0.47 ms, found 0 plugins.
Preloading 0 native plugins for Editor in 0.00 ms.
Invoked RoslynAnalysisRunner static constructor.
RoslynAnalysisRunner will not be running.
RoslynAnalysisRunner has terminated.
Mono: successfully reloaded assembly
- Completed reload, in  1.296 seconds
Platform modules already initialized, skipping
Shader 'Universal Render Pipeline/Particles/Lit': fallback shader 'Universal Render Pipeline/Particles/SimpleLit' not found
Refreshing native plugins compatible for Editor in 0.50 ms, found 0 plugins.
Preloading 0 native plugins for Editor in 0.00 ms.
Unloading 2299 Unused Serialized files (Serialized files now loaded: 0)
System memory in use before: 184.2 MB.
System memory in use after: 184.4 MB.

Unloading 7 unused Assets to reduce memory usage. Loaded Objects now: 2909.
Total: 2.530100 ms (FindLiveObjects: 0.260900 ms CreateObjectMapping: 0.100200 ms MarkObjects: 2.093200 ms  DeleteObjects: 0.073800 ms)

========================================================================
Received Import Request.
  Time since last request: 196.076792 seconds.
  path: Assets/Images/manyskulls.png
  artifactKey: Guid(cfdd566eaeec1a7419be5e7fbc684b04) Importer(815301076,1909f56bfc062723c751e8b465ee728b)
Start importing Assets/Images/manyskulls.png using Guid(cfdd566eaeec1a7419be5e7fbc684b04) Importer(815301076,1909f56bfc062723c751e8b465ee728b)  -> (artifact id: 'bcf0bdfb495536cfadc171a53f6823ac') in 0.092644 seconds
  Import took 0.098373 seconds .

========================================================================
Received Import Request.
  Time since last request: 10.747326 seconds.
  path: Assets/Scenes/MainMenu.unity
  artifactKey: Guid(3de253cb2884db646a734332a9a4d1ff) Importer(815301076,1909f56bfc062723c751e8b465ee728b)
Start importing Assets/Scenes/MainMenu.unity using Guid(3de253cb2884db646a734332a9a4d1ff) Importer(815301076,1909f56bfc062723c751e8b465ee728b)  -> (artifact id: '2c9d4100fd691bdef8f10b08af4c9a29') in 0.011739 seconds
  Import took 0.017408 seconds .

========================================================================
Received Import Request.
  Time since last request: 30.508268 seconds.
  path: Assets/Images/Sprites/manyskulls.png
  artifactKey: Guid(cfdd566eaeec1a7419be5e7fbc684b04) Importer(815301076,1909f56bfc062723c751e8b465ee728b)
Start importing Assets/Images/Sprites/manyskulls.png using Guid(cfdd566eaeec1a7419be5e7fbc684b04) Importer(815301076,1909f56bfc062723c751e8b465ee728b)  -> (artifact id: 'e7a459b0d4fe3628b1c5c3398e5928d1') in 0.051811 seconds
  Import took 0.057232 seconds .

========================================================================
Received Prepare
Registering precompiled user dll's ...
Registered in 0.001653 seconds.
Begin MonoManager ReloadAssembly
Native extension for WindowsStandalone target not found
Native extension for WebGL target not found
Refreshing native plugins compatible for Editor in 0.46 ms, found 0 plugins.
Preloading 0 native plugins for Editor in 0.00 ms.
Invoked RoslynAnalysisRunner static constructor.
RoslynAnalysisRunner will not be running.
RoslynAnalysisRunner has terminated.
Mono: successfully reloaded assembly
- Completed reload, in  1.115 seconds
Platform modules already initialized, skipping
Shader 'Universal Render Pipeline/Particles/Lit': fallback shader 'Universal Render Pipeline/Particles/SimpleLit' not found
Refreshing native plugins compatible for Editor in 0.50 ms, found 0 plugins.
Preloading 0 native plugins for Editor in 0.00 ms.
Unloading 2299 Unused Serialized files (Serialized files now loaded: 0)
System memory in use before: 184.2 MB.
System memory in use after: 184.4 MB.

Unloading 5 unused Assets to reduce memory usage. Loaded Objects now: 2912.
Total: 9.110600 ms (FindLiveObjects: 0.338600 ms CreateObjectMapping: 0.134600 ms MarkObjects: 8.425700 ms  DeleteObjects: 0.209600 ms)

========================================================================
Received Import Request.
  Time since last request: 151.927781 seconds.
  path: Assets/todo.cs
  artifactKey: Guid(7b68047453d81ad49881bb7ca9a0ab33) Importer(815301076,1909f56bfc062723c751e8b465ee728b)
Start importing Assets/todo.cs using Guid(7b68047453d81ad49881bb7ca9a0ab33) Importer(815301076,1909f56bfc062723c751e8b465ee728b)  -> (artifact id: '2f7901db5efa1d794f60619b63b387ed') in 0.037411 seconds
  Import took 0.045144 seconds .

========================================================================
Received Import Request.
  Time since last request: 20.292458 seconds.
  path: Assets/todo.cs
  artifactKey: Guid(7b68047453d81ad49881bb7ca9a0ab33) Importer(815301076,1909f56bfc062723c751e8b465ee728b)
Start importing Assets/todo.cs using Guid(7b68047453d81ad49881bb7ca9a0ab33) Importer(815301076,1909f56bfc062723c751e8b465ee728b)  -> (artifact id: 'e484567af4906d92e904b17f0aaae59f') in 0.009083 seconds
  Import took 0.017971 seconds .

========================================================================
Received Import Request.
  Time since last request: 0.059881 seconds.
  path: Assets/todo.cs
  artifactKey: Guid(7b68047453d81ad49881bb7ca9a0ab33) Importer(815301076,1909f56bfc062723c751e8b465ee728b)
Start importing Assets/todo.cs using Guid(7b68047453d81ad49881bb7ca9a0ab33) Importer(815301076,1909f56bfc062723c751e8b465ee728b)  -> (artifact id: 'e484567af4906d92e904b17f0aaae59f') in 0.006110 seconds
  Import took 0.013138 seconds .

========================================================================
Received Prepare
Registering precompiled user dll's ...
Registered in 0.001750 seconds.
Begin MonoManager ReloadAssembly
Native extension for WindowsStandalone target not found
Native extension for WebGL target not found
Refreshing native plugins compatible for Editor in 0.52 ms, found 0 plugins.
Preloading 0 native plugins for Editor in 0.00 ms.
Invoked RoslynAnalysisRunner static constructor.
RoslynAnalysisRunner will not be running.
RoslynAnalysisRunner has terminated.
Mono: successfully reloaded assembly
- Completed reload, in  1.076 seconds
Platform modules already initialized, skipping
Shader 'Universal Render Pipeline/Particles/Lit': fallback shader 'Universal Render Pipeline/Particles/SimpleLit' not found
Refreshing native plugins compatible for Editor in 0.46 ms, found 0 plugins.
Preloading 0 native plugins for Editor in 0.00 ms.
Unloading 2299 Unused Serialized files (Serialized files now loaded: 0)
System memory in use before: 184.1 MB.
System memory in use after: 184.3 MB.

Unloading 5 unused Assets to reduce memory usage. Loaded Objects now: 2914.
Total: 2.387400 ms (FindLiveObjects: 0.258200 ms CreateObjectMapping: 0.092000 ms MarkObjects: 2.009300 ms  DeleteObjects: 0.026500 ms)

========================================================================
Received Import Request.
  Time since last request: 28.476374 seconds.
  path: Assets/todo.cs
  artifactKey: Guid(7b68047453d81ad49881bb7ca9a0ab33) Importer(815301076,1909f56bfc062723c751e8b465ee728b)
Start importing Assets/todo.cs using Guid(7b68047453d81ad49881bb7ca9a0ab33) Importer(815301076,1909f56bfc062723c751e8b465ee728b)  -> (artifact id: '77774fbd99ed96cd95f35a9a4a3c7bae') in 0.013921 seconds
  Import took 0.021507 seconds .

========================================================================
Received Import Request.
  Time since last request: 0.332183 seconds.
  path: Assets/todo.cs
  artifactKey: Guid(7b68047453d81ad49881bb7ca9a0ab33) Importer(815301076,1909f56bfc062723c751e8b465ee728b)
Start importing Assets/todo.cs using Guid(7b68047453d81ad49881bb7ca9a0ab33) Importer(815301076,1909f56bfc062723c751e8b465ee728b)  -> (artifact id: '77774fbd99ed96cd95f35a9a4a3c7bae') in 0.005288 seconds
  Import took 0.011304 seconds .

========================================================================
Received Prepare
Registering precompiled user dll's ...
Registered in 0.001592 seconds.
Begin MonoManager ReloadAssembly
Native extension for WindowsStandalone target not found
Native extension for WebGL target not found
Refreshing native plugins compatible for Editor in 0.68 ms, found 0 plugins.
Preloading 0 native plugins for Editor in 0.00 ms.
Invoked RoslynAnalysisRunner static constructor.
RoslynAnalysisRunner will not be running.
RoslynAnalysisRunner has terminated.
Mono: successfully reloaded assembly
- Completed reload, in  1.146 seconds
Platform modules already initialized, skipping
Shader 'Universal Render Pipeline/Particles/Lit': fallback shader 'Universal Render Pipeline/Particles/SimpleLit' not found
Refreshing native plugins compatible for Editor in 0.45 ms, found 0 plugins.
Preloading 0 native plugins for Editor in 0.00 ms.
Unloading 2299 Unused Serialized files (Serialized files now loaded: 0)
System memory in use before: 184.2 MB.
System memory in use after: 184.4 MB.

Unloading 5 unused Assets to reduce memory usage. Loaded Objects now: 2916.
Total: 2.633900 ms (FindLiveObjects: 0.322000 ms CreateObjectMapping: 0.117800 ms MarkObjects: 2.156700 ms  DeleteObjects: 0.035900 ms)

========================================================================
Received Import Request.
  Time since last request: 8.925519 seconds.
  path: Assets/todo.cs
  artifactKey: Guid(7b68047453d81ad49881bb7ca9a0ab33) Importer(815301076,1909f56bfc062723c751e8b465ee728b)
Start importing Assets/todo.cs using Guid(7b68047453d81ad49881bb7ca9a0ab33) Importer(815301076,1909f56bfc062723c751e8b465ee728b)  -> (artifact id: '8003f8440f8c34f63f68ed86a775039c') in 0.009399 seconds
  Import took 0.018790 seconds .

========================================================================
Received Import Request.
  Time since last request: 0.055880 seconds.
  path: Assets/todo.cs
  artifactKey: Guid(7b68047453d81ad49881bb7ca9a0ab33) Importer(815301076,1909f56bfc062723c751e8b465ee728b)
Start importing Assets/todo.cs using Guid(7b68047453d81ad49881bb7ca9a0ab33) Importer(815301076,1909f56bfc062723c751e8b465ee728b)  -> (artifact id: '8003f8440f8c34f63f68ed86a775039c') in 0.004362 seconds
  Import took 0.011282 seconds .

========================================================================
Received Prepare
Registering precompiled user dll's ...
Registered in 0.004241 seconds.
Begin MonoManager ReloadAssembly
Native extension for WindowsStandalone target not found
Native extension for WebGL target not found
Refreshing native plugins compatible for Editor in 0.50 ms, found 0 plugins.
Preloading 0 native plugins for Editor in 0.00 ms.
Invoked RoslynAnalysisRunner static constructor.
RoslynAnalysisRunner will not be running.
RoslynAnalysisRunner has terminated.
Mono: successfully reloaded assembly
- Completed reload, in  1.163 seconds
Platform modules already initialized, skipping
Shader 'Universal Render Pipeline/Particles/Lit': fallback shader 'Universal Render Pipeline/Particles/SimpleLit' not found
Refreshing native plugins compatible for Editor in 0.46 ms, found 0 plugins.
Preloading 0 native plugins for Editor in 0.00 ms.
Unloading 2299 Unused Serialized files (Serialized files now loaded: 0)
System memory in use before: 184.1 MB.
System memory in use after: 184.3 MB.

Unloading 5 unused Assets to reduce memory usage. Loaded Objects now: 2918.
Total: 2.336500 ms (FindLiveObjects: 0.248900 ms CreateObjectMapping: 0.095700 ms MarkObjects: 1.971400 ms  DeleteObjects: 0.019000 ms)

========================================================================
Received Import Request.
  Time since last request: 6.502711 seconds.
  path: Assets/todo.cs
  artifactKey: Guid(7b68047453d81ad49881bb7ca9a0ab33) Importer(815301076,1909f56bfc062723c751e8b465ee728b)
Start importing Assets/todo.cs using Guid(7b68047453d81ad49881bb7ca9a0ab33) Importer(815301076,1909f56bfc062723c751e8b465ee728b)  -> (artifact id: '276317fbedaf1c44397c6eb69264959b') in 0.009128 seconds
  Import took 0.019370 seconds .

========================================================================
Received Import Request.
  Time since last request: 0.055049 seconds.
  path: Assets/todo.cs
  artifactKey: Guid(7b68047453d81ad49881bb7ca9a0ab33) Importer(815301076,1909f56bfc062723c751e8b465ee728b)
Start importing Assets/todo.cs using Guid(7b68047453d81ad49881bb7ca9a0ab33) Importer(815301076,1909f56bfc062723c751e8b465ee728b)  -> (artifact id: '276317fbedaf1c44397c6eb69264959b') in 0.003922 seconds
  Import took 0.009803 seconds .

========================================================================
Received Prepare
Registering precompiled user dll's ...
Registered in 0.001608 seconds.
Begin MonoManager ReloadAssembly
Native extension for WindowsStandalone target not found
Native extension for WebGL target not found
Refreshing native plugins compatible for Editor in 0.46 ms, found 0 plugins.
Preloading 0 native plugins for Editor in 0.00 ms.
Invoked RoslynAnalysisRunner static constructor.
RoslynAnalysisRunner will not be running.
RoslynAnalysisRunner has terminated.
Mono: successfully reloaded assembly
- Completed reload, in  1.112 seconds
Platform modules already initialized, skipping
Shader 'Universal Render Pipeline/Particles/Lit': fallback shader 'Universal Render Pipeline/Particles/SimpleLit' not found
Refreshing native plugins compatible for Editor in 0.45 ms, found 0 plugins.
Preloading 0 native plugins for Editor in 0.00 ms.
Unloading 2299 Unused Serialized files (Serialized files now loaded: 0)
System memory in use before: 184.2 MB.
System memory in use after: 184.4 MB.

Unloading 5 unused Assets to reduce memory usage. Loaded Objects now: 2920.
Total: 2.388600 ms (FindLiveObjects: 0.282400 ms CreateObjectMapping: 0.097800 ms MarkObjects: 1.989700 ms  DeleteObjects: 0.017100 ms)

========================================================================
Received Import Request.
  Time since last request: 9.299440 seconds.
  path: Assets/todo.cs
  artifactKey: Guid(7b68047453d81ad49881bb7ca9a0ab33) Importer(815301076,1909f56bfc062723c751e8b465ee728b)
Start importing Assets/todo.cs using Guid(7b68047453d81ad49881bb7ca9a0ab33) Importer(815301076,1909f56bfc062723c751e8b465ee728b)  -> (artifact id: 'f1e9ba1a50820a9791b34607d0b87c82') in 0.009674 seconds
  Import took 0.018014 seconds .

========================================================================
Received Import Request.
  Time since last request: 0.054232 seconds.
  path: Assets/todo.cs
  artifactKey: Guid(7b68047453d81ad49881bb7ca9a0ab33) Importer(815301076,1909f56bfc062723c751e8b465ee728b)
Start importing Assets/todo.cs using Guid(7b68047453d81ad49881bb7ca9a0ab33) Importer(815301076,1909f56bfc062723c751e8b465ee728b)  -> (artifact id: 'f1e9ba1a50820a9791b34607d0b87c82') in 0.004782 seconds
  Import took 0.012379 seconds .

========================================================================
Received Prepare
Registering precompiled user dll's ...
Registered in 0.001592 seconds.
Begin MonoManager ReloadAssembly
Native extension for WindowsStandalone target not found
Native extension for WebGL target not found
Refreshing native plugins compatible for Editor in 0.46 ms, found 0 plugins.
Preloading 0 native plugins for Editor in 0.00 ms.
Invoked RoslynAnalysisRunner static constructor.
RoslynAnalysisRunner will not be running.
RoslynAnalysisRunner has terminated.
Mono: successfully reloaded assembly
- Completed reload, in  1.182 seconds
Platform modules already initialized, skipping
Shader 'Universal Render Pipeline/Particles/Lit': fallback shader 'Universal Render Pipeline/Particles/SimpleLit' not found
Refreshing native plugins compatible for Editor in 0.60 ms, found 0 plugins.
Preloading 0 native plugins for Editor in 0.00 ms.
Unloading 2299 Unused Serialized files (Serialized files now loaded: 0)
System memory in use before: 184.2 MB.
System memory in use after: 184.4 MB.

Unloading 5 unused Assets to reduce memory usage. Loaded Objects now: 2922.
Total: 2.787600 ms (FindLiveObjects: 0.305100 ms CreateObjectMapping: 0.117600 ms MarkObjects: 2.311900 ms  DeleteObjects: 0.021000 ms)

========================================================================
Received Import Request.
  Time since last request: 10.735791 seconds.
  path: Assets/todo.cs
  artifactKey: Guid(7b68047453d81ad49881bb7ca9a0ab33) Importer(815301076,1909f56bfc062723c751e8b465ee728b)
Start importing Assets/todo.cs using Guid(7b68047453d81ad49881bb7ca9a0ab33) Importer(815301076,1909f56bfc062723c751e8b465ee728b)  -> (artifact id: '2c04508385635e7ee500ff0962e1aaa2') in 0.010278 seconds
  Import took 0.017094 seconds .

========================================================================
Received Prepare
Registering precompiled user dll's ...
Registered in 0.001806 seconds.
Begin MonoManager ReloadAssembly
Native extension for WindowsStandalone target not found
Native extension for WebGL target not found
Refreshing native plugins compatible for Editor in 0.47 ms, found 0 plugins.
Preloading 0 native plugins for Editor in 0.00 ms.
Invoked RoslynAnalysisRunner static constructor.
RoslynAnalysisRunner will not be running.
RoslynAnalysisRunner has terminated.
Mono: successfully reloaded assembly
- Completed reload, in  1.208 seconds
Platform modules already initialized, skipping
Shader 'Universal Render Pipeline/Particles/Lit': fallback shader 'Universal Render Pipeline/Particles/SimpleLit' not found
Refreshing native plugins compatible for Editor in 0.46 ms, found 0 plugins.
Preloading 0 native plugins for Editor in 0.00 ms.
Unloading 2299 Unused Serialized files (Serialized files now loaded: 0)
System memory in use before: 184.1 MB.
System memory in use after: 184.3 MB.

Unloading 5 unused Assets to reduce memory usage. Loaded Objects now: 2924.
Total: 2.495300 ms (FindLiveObjects: 0.287900 ms CreateObjectMapping: 0.091100 ms MarkObjects: 2.088300 ms  DeleteObjects: 0.026600 ms)

========================================================================
Received Import Request.
  Time since last request: 10.030385 seconds.
  path: Assets/todo.cs
  artifactKey: Guid(7b68047453d81ad49881bb7ca9a0ab33) Importer(815301076,1909f56bfc062723c751e8b465ee728b)
Start importing Assets/todo.cs using Guid(7b68047453d81ad49881bb7ca9a0ab33) Importer(815301076,1909f56bfc062723c751e8b465ee728b)  -> (artifact id: 'db1b461b49e65c2b253858ec1fb04ff6') in 0.011339 seconds
  Import took 0.016737 seconds .

========================================================================
Received Prepare
Registering precompiled user dll's ...
Registered in 0.001823 seconds.
Begin MonoManager ReloadAssembly
Native extension for WindowsStandalone target not found
Native extension for WebGL target not found
Refreshing native plugins compatible for Editor in 0.47 ms, found 0 plugins.
Preloading 0 native plugins for Editor in 0.00 ms.
Invoked RoslynAnalysisRunner static constructor.
RoslynAnalysisRunner will not be running.
RoslynAnalysisRunner has terminated.
Mono: successfully reloaded assembly
- Completed reload, in  1.096 seconds
Platform modules already initialized, skipping
Shader 'Universal Render Pipeline/Particles/Lit': fallback shader 'Universal Render Pipeline/Particles/SimpleLit' not found
Refreshing native plugins compatible for Editor in 0.47 ms, found 0 plugins.
Preloading 0 native plugins for Editor in 0.00 ms.
Unloading 2299 Unused Serialized files (Serialized files now loaded: 0)
System memory in use before: 184.2 MB.
System memory in use after: 184.4 MB.

Unloading 5 unused Assets to reduce memory usage. Loaded Objects now: 2926.
Total: 2.485400 ms (FindLiveObjects: 0.353100 ms CreateObjectMapping: 0.126400 ms MarkObjects: 1.985200 ms  DeleteObjects: 0.019200 ms)

========================================================================
Received Import Request.
  Time since last request: 14.844724 seconds.
  path: Assets/todo.cs
  artifactKey: Guid(7b68047453d81ad49881bb7ca9a0ab33) Importer(815301076,1909f56bfc062723c751e8b465ee728b)
Start importing Assets/todo.cs using Guid(7b68047453d81ad49881bb7ca9a0ab33) Importer(815301076,1909f56bfc062723c751e8b465ee728b)  -> (artifact id: '269629958e656c390fb465888b43fd06') in 0.010471 seconds
  Import took 0.017030 seconds .

========================================================================
Received Prepare
Registering precompiled user dll's ...
Registered in 0.001563 seconds.
Begin MonoManager ReloadAssembly
Native extension for WindowsStandalone target not found
Native extension for WebGL target not found
Refreshing native plugins compatible for Editor in 0.46 ms, found 0 plugins.
Preloading 0 native plugins for Editor in 0.00 ms.
Invoked RoslynAnalysisRunner static constructor.
RoslynAnalysisRunner will not be running.
RoslynAnalysisRunner has terminated.
Mono: successfully reloaded assembly
- Completed reload, in  1.081 seconds
Platform modules already initialized, skipping
Shader 'Universal Render Pipeline/Particles/Lit': fallback shader 'Universal Render Pipeline/Particles/SimpleLit' not found
Refreshing native plugins compatible for Editor in 0.45 ms, found 0 plugins.
Preloading 0 native plugins for Editor in 0.00 ms.
Unloading 2299 Unused Serialized files (Serialized files now loaded: 0)
System memory in use before: 184.2 MB.
System memory in use after: 184.4 MB.

Unloading 5 unused Assets to reduce memory usage. Loaded Objects now: 2928.
Total: 2.391800 ms (FindLiveObjects: 0.254000 ms CreateObjectMapping: 0.098300 ms MarkObjects: 2.017600 ms  DeleteObjects: 0.020200 ms)

========================================================================
Received Import Request.
  Time since last request: 886.346376 seconds.
  path: Assets/Images/bullet_donut_white.png
  artifactKey: Guid(c5167150acdbf364aa46fafaf4fa8055) Importer(815301076,1909f56bfc062723c751e8b465ee728b)
Start importing Assets/Images/bullet_donut_white.png using Guid(c5167150acdbf364aa46fafaf4fa8055) Importer(815301076,1909f56bfc062723c751e8b465ee728b)  -> (artifact id: '4da463bec51a68ced02aa455147c3c6f') in 0.075758 seconds
  Import took 0.082356 seconds .

========================================================================
Received Import Request.
  Time since last request: 8.559650 seconds.
  path: Assets/Images/Sprites/bullet_donut_white.png
  artifactKey: Guid(c5167150acdbf364aa46fafaf4fa8055) Importer(815301076,1909f56bfc062723c751e8b465ee728b)
Start importing Assets/Images/Sprites/bullet_donut_white.png using Guid(c5167150acdbf364aa46fafaf4fa8055) Importer(815301076,1909f56bfc062723c751e8b465ee728b)  -> (artifact id: 'aea92078291cae922b96eb21918cc7d0') in 0.045289 seconds
  Import took 0.051594 seconds .

========================================================================
Received Import Request.
  Time since last request: 15.730854 seconds.
  path: Assets/Prefabs/Enemies/TurretBullet.prefab
  artifactKey: Guid(256302f1ef1666d45a02d1a496cfb75d) Importer(815301076,1909f56bfc062723c751e8b465ee728b)
Start importing Assets/Prefabs/Enemies/TurretBullet.prefab using Guid(256302f1ef1666d45a02d1a496cfb75d) Importer(815301076,1909f56bfc062723c751e8b465ee728b)  -> (artifact id: '47a6d9e0e19488ce3c6e11b1837ddfc1') in 0.194556 seconds
  Import took 0.201412 seconds .

========================================================================
Received Import Request.
  Time since last request: 5.168069 seconds.
  path: Assets/Prefabs/Enemies/TurretBullet.prefab
  artifactKey: Guid(256302f1ef1666d45a02d1a496cfb75d) Importer(815301076,1909f56bfc062723c751e8b465ee728b)
Start importing Assets/Prefabs/Enemies/TurretBullet.prefab using Guid(256302f1ef1666d45a02d1a496cfb75d) Importer(815301076,1909f56bfc062723c751e8b465ee728b)  -> (artifact id: 'fc817de1ca06f01bac7ad5c815f6815a') in 0.019081 seconds
  Import took 0.024842 seconds .

========================================================================
Received Prepare
Registering precompiled user dll's ...
Registered in 0.001660 seconds.
Begin MonoManager ReloadAssembly
Native extension for WindowsStandalone target not found
Native extension for WebGL target not found
Refreshing native plugins compatible for Editor in 0.46 ms, found 0 plugins.
Preloading 0 native plugins for Editor in 0.00 ms.
Invoked RoslynAnalysisRunner static constructor.
RoslynAnalysisRunner will not be running.
RoslynAnalysisRunner has terminated.
Mono: successfully reloaded assembly
- Completed reload, in  1.115 seconds
Platform modules already initialized, skipping
Shader 'Universal Render Pipeline/Particles/Lit': fallback shader 'Universal Render Pipeline/Particles/SimpleLit' not found
Refreshing native plugins compatible for Editor in 0.48 ms, found 0 plugins.
Preloading 0 native plugins for Editor in 0.00 ms.
Unloading 2299 Unused Serialized files (Serialized files now loaded: 0)
System memory in use before: 184.3 MB.
System memory in use after: 184.6 MB.

Unloading 5 unused Assets to reduce memory usage. Loaded Objects now: 2966.
Total: 3.909300 ms (FindLiveObjects: 0.259400 ms CreateObjectMapping: 0.096300 ms MarkObjects: 3.516400 ms  DeleteObjects: 0.035500 ms)

========================================================================
Received Import Request.
  Time since last request: 39.646346 seconds.
  path: Assets/Prefabs/Enemies/TurretBullet.prefab
  artifactKey: Guid(256302f1ef1666d45a02d1a496cfb75d) Importer(815301076,1909f56bfc062723c751e8b465ee728b)
Start importing Assets/Prefabs/Enemies/TurretBullet.prefab using Guid(256302f1ef1666d45a02d1a496cfb75d) Importer(815301076,1909f56bfc062723c751e8b465ee728b)  -> (artifact id: '2115588c4f84e48a6d2606a6d0792c26') in 0.207689 seconds
  Import took 0.213167 seconds .

========================================================================
Received Import Request.
  Time since last request: 2.025364 seconds.
  path: Assets/Prefabs/Enemies/TurretBullet.prefab
  artifactKey: Guid(256302f1ef1666d45a02d1a496cfb75d) Importer(815301076,1909f56bfc062723c751e8b465ee728b)
Start importing Assets/Prefabs/Enemies/TurretBullet.prefab using Guid(256302f1ef1666d45a02d1a496cfb75d) Importer(815301076,1909f56bfc062723c751e8b465ee728b)  -> (artifact id: '75c6e4ecb93ab2e1dc9b9f0a28cfc624') in 0.015973 seconds
  Import took 0.021815 seconds .

========================================================================
Received Import Request.
  Time since last request: 2.998805 seconds.
  path: Assets/Prefabs/Enemies/TurretBullet.prefab
  artifactKey: Guid(256302f1ef1666d45a02d1a496cfb75d) Importer(815301076,1909f56bfc062723c751e8b465ee728b)
Start importing Assets/Prefabs/Enemies/TurretBullet.prefab using Guid(256302f1ef1666d45a02d1a496cfb75d) Importer(815301076,1909f56bfc062723c751e8b465ee728b)  -> (artifact id: '4030844d3f2378ca619411ae56ee81cb') in 0.015317 seconds
  Import took 0.021128 seconds .

========================================================================
Received Import Request.
  Time since last request: 2.003674 seconds.
  path: Assets/Prefabs/Enemies/TurretBullet.prefab
  artifactKey: Guid(256302f1ef1666d45a02d1a496cfb75d) Importer(815301076,1909f56bfc062723c751e8b465ee728b)
Start importing Assets/Prefabs/Enemies/TurretBullet.prefab using Guid(256302f1ef1666d45a02d1a496cfb75d) Importer(815301076,1909f56bfc062723c751e8b465ee728b)  -> (artifact id: '9b4067827da6e417dadc120e4cb104b1') in 0.017405 seconds
  Import took 0.023117 seconds .

========================================================================
Received Import Request.
  Time since last request: 1.589819 seconds.
  path: Assets/Prefabs/Enemies/TurretBullet.prefab
  artifactKey: Guid(256302f1ef1666d45a02d1a496cfb75d) Importer(815301076,1909f56bfc062723c751e8b465ee728b)
Start importing Assets/Prefabs/Enemies/TurretBullet.prefab using Guid(256302f1ef1666d45a02d1a496cfb75d) Importer(815301076,1909f56bfc062723c751e8b465ee728b)  -> (artifact id: 'b7e75dd261725a44fcadae85e405759e') in 0.015475 seconds
  Import took 0.021797 seconds .

========================================================================
Received Import Request.
  Time since last request: 8.085189 seconds.
  path: Assets/Prefabs/Enemies/TurretBullet.prefab
  artifactKey: Guid(256302f1ef1666d45a02d1a496cfb75d) Importer(815301076,1909f56bfc062723c751e8b465ee728b)
Start importing Assets/Prefabs/Enemies/TurretBullet.prefab using Guid(256302f1ef1666d45a02d1a496cfb75d) Importer(815301076,1909f56bfc062723c751e8b465ee728b)  -> (artifact id: '971c78a9f32277ec6fbc3b7c44187737') in 0.016720 seconds
  Import took 0.022618 seconds .

========================================================================
Received Prepare
Registering precompiled user dll's ...
Registered in 0.001586 seconds.
Begin MonoManager ReloadAssembly
Native extension for WindowsStandalone target not found
Native extension for WebGL target not found
Refreshing native plugins compatible for Editor in 0.51 ms, found 0 plugins.
Preloading 0 native plugins for Editor in 0.00 ms.
Invoked RoslynAnalysisRunner static constructor.
RoslynAnalysisRunner will not be running.
RoslynAnalysisRunner has terminated.
Mono: successfully reloaded assembly
- Completed reload, in  1.123 seconds
Platform modules already initialized, skipping
Shader 'Universal Render Pipeline/Particles/Lit': fallback shader 'Universal Render Pipeline/Particles/SimpleLit' not found
Refreshing native plugins compatible for Editor in 0.47 ms, found 0 plugins.
Preloading 0 native plugins for Editor in 0.00 ms.
Unloading 2299 Unused Serialized files (Serialized files now loaded: 0)
System memory in use before: 184.4 MB.
System memory in use after: 184.6 MB.

Unloading 5 unused Assets to reduce memory usage. Loaded Objects now: 3004.
Total: 2.599300 ms (FindLiveObjects: 0.346000 ms CreateObjectMapping: 0.126300 ms MarkObjects: 2.095100 ms  DeleteObjects: 0.030300 ms)

========================================================================
Received Prepare
Registering precompiled user dll's ...
Registered in 0.001593 seconds.
Begin MonoManager ReloadAssembly
Native extension for WindowsStandalone target not found
Native extension for WebGL target not found
Refreshing native plugins compatible for Editor in 0.59 ms, found 0 plugins.
Preloading 0 native plugins for Editor in 0.00 ms.
Invoked RoslynAnalysisRunner static constructor.
RoslynAnalysisRunner will not be running.
RoslynAnalysisRunner has terminated.
Mono: successfully reloaded assembly
- Completed reload, in  1.140 seconds
Platform modules already initialized, skipping
Shader 'Universal Render Pipeline/Particles/Lit': fallback shader 'Universal Render Pipeline/Particles/SimpleLit' not found
Refreshing native plugins compatible for Editor in 0.48 ms, found 0 plugins.
Preloading 0 native plugins for Editor in 0.00 ms.
Unloading 2299 Unused Serialized files (Serialized files now loaded: 0)
System memory in use before: 184.4 MB.
System memory in use after: 184.6 MB.

Unloading 5 unused Assets to reduce memory usage. Loaded Objects now: 3006.
Total: 2.814500 ms (FindLiveObjects: 0.265300 ms CreateObjectMapping: 0.095600 ms MarkObjects: 2.424300 ms  DeleteObjects: 0.027200 ms)

========================================================================
Received Prepare
Registering precompiled user dll's ...
Registered in 0.007822 seconds.
Begin MonoManager ReloadAssembly
Native extension for WindowsStandalone target not found
Native extension for WebGL target not found
Refreshing native plugins compatible for Editor in 0.48 ms, found 0 plugins.
Preloading 0 native plugins for Editor in 0.00 ms.
Invoked RoslynAnalysisRunner static constructor.
RoslynAnalysisRunner will not be running.
RoslynAnalysisRunner has terminated.
Mono: successfully reloaded assembly
- Completed reload, in  1.334 seconds
Platform modules already initialized, skipping
Shader 'Universal Render Pipeline/Particles/Lit': fallback shader 'Universal Render Pipeline/Particles/SimpleLit' not found
Refreshing native plugins compatible for Editor in 0.46 ms, found 0 plugins.
Preloading 0 native plugins for Editor in 0.00 ms.
Unloading 2299 Unused Serialized files (Serialized files now loaded: 0)
System memory in use before: 184.5 MB.
System memory in use after: 184.7 MB.

Unloading 5 unused Assets to reduce memory usage. Loaded Objects now: 3008.
Total: 2.774500 ms (FindLiveObjects: 0.311900 ms CreateObjectMapping: 0.115800 ms MarkObjects: 2.315600 ms  DeleteObjects: 0.029300 ms)

========================================================================
Received Prepare
Registering precompiled user dll's ...
Registered in 0.001874 seconds.
Begin MonoManager ReloadAssembly
Native extension for WindowsStandalone target not found
Native extension for WebGL target not found
Refreshing native plugins compatible for Editor in 0.71 ms, found 0 plugins.
Preloading 0 native plugins for Editor in 0.00 ms.
Invoked RoslynAnalysisRunner static constructor.
RoslynAnalysisRunner will not be running.
RoslynAnalysisRunner has terminated.
Mono: successfully reloaded assembly
- Completed reload, in  1.172 seconds
Platform modules already initialized, skipping
Shader 'Universal Render Pipeline/Particles/Lit': fallback shader 'Universal Render Pipeline/Particles/SimpleLit' not found
Refreshing native plugins compatible for Editor in 0.50 ms, found 0 plugins.
Preloading 0 native plugins for Editor in 0.00 ms.
Unloading 2299 Unused Serialized files (Serialized files now loaded: 0)
System memory in use before: 184.5 MB.
System memory in use after: 184.7 MB.

Unloading 5 unused Assets to reduce memory usage. Loaded Objects now: 3010.
Total: 2.878700 ms (FindLiveObjects: 0.259800 ms CreateObjectMapping: 0.095400 ms MarkObjects: 2.499700 ms  DeleteObjects: 0.022100 ms)

========================================================================
Received Prepare
Registering precompiled user dll's ...
Registered in 0.007102 seconds.
Begin MonoManager ReloadAssembly
Native extension for WindowsStandalone target not found
Native extension for WebGL target not found
Refreshing native plugins compatible for Editor in 0.48 ms, found 0 plugins.
Preloading 0 native plugins for Editor in 0.00 ms.
Invoked RoslynAnalysisRunner static constructor.
RoslynAnalysisRunner will not be running.
RoslynAnalysisRunner has terminated.
Mono: successfully reloaded assembly
- Completed reload, in  1.402 seconds
Platform modules already initialized, skipping
Shader 'Universal Render Pipeline/Particles/Lit': fallback shader 'Universal Render Pipeline/Particles/SimpleLit' not found
Refreshing native plugins compatible for Editor in 0.47 ms, found 0 plugins.
Preloading 0 native plugins for Editor in 0.00 ms.
Unloading 2299 Unused Serialized files (Serialized files now loaded: 0)
System memory in use before: 184.5 MB.
System memory in use after: 184.7 MB.

Unloading 5 unused Assets to reduce memory usage. Loaded Objects now: 3012.
Total: 2.692000 ms (FindLiveObjects: 0.293000 ms CreateObjectMapping: 0.130500 ms MarkObjects: 2.245000 ms  DeleteObjects: 0.021400 ms)

========================================================================
Received Prepare
Registering precompiled user dll's ...
Registered in 0.001698 seconds.
Begin MonoManager ReloadAssembly
Native extension for WindowsStandalone target not found
Native extension for WebGL target not found
Refreshing native plugins compatible for Editor in 0.48 ms, found 0 plugins.
Preloading 0 native plugins for Editor in 0.00 ms.
Invoked RoslynAnalysisRunner static constructor.
RoslynAnalysisRunner will not be running.
RoslynAnalysisRunner has terminated.
Mono: successfully reloaded assembly
- Completed reload, in  1.104 seconds
Platform modules already initialized, skipping
Shader 'Universal Render Pipeline/Particles/Lit': fallback shader 'Universal Render Pipeline/Particles/SimpleLit' not found
Refreshing native plugins compatible for Editor in 0.47 ms, found 0 plugins.
Preloading 0 native plugins for Editor in 0.00 ms.
Unloading 2299 Unused Serialized files (Serialized files now loaded: 0)
System memory in use before: 184.5 MB.
System memory in use after: 184.7 MB.

Unloading 5 unused Assets to reduce memory usage. Loaded Objects now: 3014.
Total: 2.471300 ms (FindLiveObjects: 0.293200 ms CreateObjectMapping: 0.094100 ms MarkObjects: 2.045700 ms  DeleteObjects: 0.037000 ms)

========================================================================
Received Prepare
Registering precompiled user dll's ...
Registered in 0.001602 seconds.
Begin MonoManager ReloadAssembly
Native extension for WindowsStandalone target not found
Native extension for WebGL target not found
Refreshing native plugins compatible for Editor in 0.49 ms, found 0 plugins.
Preloading 0 native plugins for Editor in 0.00 ms.
Invoked RoslynAnalysisRunner static constructor.
RoslynAnalysisRunner will not be running.
RoslynAnalysisRunner has terminated.
Mono: successfully reloaded assembly
- Completed reload, in  1.521 seconds
Platform modules already initialized, skipping
Shader 'Universal Render Pipeline/Particles/Lit': fallback shader 'Universal Render Pipeline/Particles/SimpleLit' not found
Refreshing native plugins compatible for Editor in 0.46 ms, found 0 plugins.
Preloading 0 native plugins for Editor in 0.00 ms.
Unloading 2299 Unused Serialized files (Serialized files now loaded: 0)
System memory in use before: 184.4 MB.
System memory in use after: 184.6 MB.

Unloading 5 unused Assets to reduce memory usage. Loaded Objects now: 3016.
Total: 6.484400 ms (FindLiveObjects: 0.332900 ms CreateObjectMapping: 0.183500 ms MarkObjects: 4.535800 ms  DeleteObjects: 1.428500 ms)

========================================================================
Received Prepare
Registering precompiled user dll's ...
Registered in 0.001667 seconds.
Begin MonoManager ReloadAssembly
Native extension for WindowsStandalone target not found
Native extension for WebGL target not found
Refreshing native plugins compatible for Editor in 0.48 ms, found 0 plugins.
Preloading 0 native plugins for Editor in 0.00 ms.
Invoked RoslynAnalysisRunner static constructor.
RoslynAnalysisRunner will not be running.
RoslynAnalysisRunner has terminated.
Mono: successfully reloaded assembly
- Completed reload, in  1.507 seconds
Platform modules already initialized, skipping
Shader 'Universal Render Pipeline/Particles/Lit': fallback shader 'Universal Render Pipeline/Particles/SimpleLit' not found
Refreshing native plugins compatible for Editor in 0.48 ms, found 0 plugins.
Preloading 0 native plugins for Editor in 0.00 ms.
Unloading 2299 Unused Serialized files (Serialized files now loaded: 0)
System memory in use before: 184.4 MB.
System memory in use after: 184.7 MB.

Unloading 5 unused Assets to reduce memory usage. Loaded Objects now: 3018.
Total: 2.554100 ms (FindLiveObjects: 0.354900 ms CreateObjectMapping: 0.116400 ms MarkObjects: 2.060800 ms  DeleteObjects: 0.020300 ms)

========================================================================
Received Prepare
Registering precompiled user dll's ...
Registered in 0.001824 seconds.
Begin MonoManager ReloadAssembly
Native extension for WindowsStandalone target not found
Native extension for WebGL target not found
Refreshing native plugins compatible for Editor in 0.46 ms, found 0 plugins.
Preloading 0 native plugins for Editor in 0.00 ms.
Invoked RoslynAnalysisRunner static constructor.
RoslynAnalysisRunner will not be running.
RoslynAnalysisRunner has terminated.
Mono: successfully reloaded assembly
- Completed reload, in  1.095 seconds
Platform modules already initialized, skipping
Shader 'Universal Render Pipeline/Particles/Lit': fallback shader 'Universal Render Pipeline/Particles/SimpleLit' not found
Refreshing native plugins compatible for Editor in 0.47 ms, found 0 plugins.
Preloading 0 native plugins for Editor in 0.00 ms.
Unloading 2299 Unused Serialized files (Serialized files now loaded: 0)
System memory in use before: 184.5 MB.
System memory in use after: 184.7 MB.

Unloading 5 unused Assets to reduce memory usage. Loaded Objects now: 3020.
Total: 2.504700 ms (FindLiveObjects: 0.269500 ms CreateObjectMapping: 0.099500 ms MarkObjects: 2.109800 ms  DeleteObjects: 0.024400 ms)

========================================================================
Received Prepare
Registering precompiled user dll's ...
Registered in 0.006781 seconds.
Begin MonoManager ReloadAssembly
Native extension for WindowsStandalone target not found
Native extension for WebGL target not found
Refreshing native plugins compatible for Editor in 0.49 ms, found 0 plugins.
Preloading 0 native plugins for Editor in 0.00 ms.
Invoked RoslynAnalysisRunner static constructor.
RoslynAnalysisRunner will not be running.
RoslynAnalysisRunner has terminated.
Mono: successfully reloaded assembly
- Completed reload, in  1.309 seconds
Platform modules already initialized, skipping
Shader 'Universal Render Pipeline/Particles/Lit': fallback shader 'Universal Render Pipeline/Particles/SimpleLit' not found
Refreshing native plugins compatible for Editor in 0.70 ms, found 0 plugins.
Preloading 0 native plugins for Editor in 0.00 ms.
Unloading 2299 Unused Serialized files (Serialized files now loaded: 0)
System memory in use before: 184.5 MB.
System memory in use after: 184.7 MB.

Unloading 5 unused Assets to reduce memory usage. Loaded Objects now: 3022.
Total: 2.879500 ms (FindLiveObjects: 0.302200 ms CreateObjectMapping: 0.104500 ms MarkObjects: 2.436900 ms  DeleteObjects: 0.033600 ms)

========================================================================
Received Prepare
Registering precompiled user dll's ...
Registered in 0.001677 seconds.
Begin MonoManager ReloadAssembly
Native extension for WindowsStandalone target not found
Native extension for WebGL target not found
Refreshing native plugins compatible for Editor in 0.49 ms, found 0 plugins.
Preloading 0 native plugins for Editor in 0.00 ms.
Invoked RoslynAnalysisRunner static constructor.
RoslynAnalysisRunner will not be running.
RoslynAnalysisRunner has terminated.
Mono: successfully reloaded assembly
- Completed reload, in  1.125 seconds
Platform modules already initialized, skipping
Shader 'Universal Render Pipeline/Particles/Lit': fallback shader 'Universal Render Pipeline/Particles/SimpleLit' not found
Refreshing native plugins compatible for Editor in 0.53 ms, found 0 plugins.
Preloading 0 native plugins for Editor in 0.00 ms.
Unloading 2299 Unused Serialized files (Serialized files now loaded: 0)
System memory in use before: 184.5 MB.
System memory in use after: 184.8 MB.

Unloading 5 unused Assets to reduce memory usage. Loaded Objects now: 3024.
Total: 2.812200 ms (FindLiveObjects: 0.348100 ms CreateObjectMapping: 0.162800 ms MarkObjects: 2.279200 ms  DeleteObjects: 0.019900 ms)

========================================================================
Received Prepare
Registering precompiled user dll's ...
Registered in 0.007795 seconds.
Begin MonoManager ReloadAssembly
Native extension for WindowsStandalone target not found
Native extension for WebGL target not found
Refreshing native plugins compatible for Editor in 0.47 ms, found 0 plugins.
Preloading 0 native plugins for Editor in 0.00 ms.
Invoked RoslynAnalysisRunner static constructor.
RoslynAnalysisRunner will not be running.
RoslynAnalysisRunner has terminated.
Mono: successfully reloaded assembly
- Completed reload, in  1.383 seconds
Platform modules already initialized, skipping
Shader 'Universal Render Pipeline/Particles/Lit': fallback shader 'Universal Render Pipeline/Particles/SimpleLit' not found
Refreshing native plugins compatible for Editor in 0.41 ms, found 0 plugins.
Preloading 0 native plugins for Editor in 0.00 ms.
Unloading 2299 Unused Serialized files (Serialized files now loaded: 0)
System memory in use before: 184.4 MB.
System memory in use after: 184.7 MB.

Unloading 5 unused Assets to reduce memory usage. Loaded Objects now: 3026.
Total: 2.540400 ms (FindLiveObjects: 0.313400 ms CreateObjectMapping: 0.107300 ms MarkObjects: 2.095000 ms  DeleteObjects: 0.023100 ms)

========================================================================
Received Prepare
Registering precompiled user dll's ...
Registered in 0.001692 seconds.
Begin MonoManager ReloadAssembly
Native extension for WindowsStandalone target not found
Native extension for WebGL target not found
Refreshing native plugins compatible for Editor in 0.49 ms, found 0 plugins.
Preloading 0 native plugins for Editor in 0.00 ms.
Invoked RoslynAnalysisRunner static constructor.
RoslynAnalysisRunner will not be running.
RoslynAnalysisRunner has terminated.
Mono: successfully reloaded assembly
- Completed reload, in  1.129 seconds
Platform modules already initialized, skipping
Shader 'Universal Render Pipeline/Particles/Lit': fallback shader 'Universal Render Pipeline/Particles/SimpleLit' not found
Refreshing native plugins compatible for Editor in 0.47 ms, found 0 plugins.
Preloading 0 native plugins for Editor in 0.00 ms.
Unloading 2299 Unused Serialized files (Serialized files now loaded: 0)
System memory in use before: 184.5 MB.
System memory in use after: 184.8 MB.

Unloading 5 unused Assets to reduce memory usage. Loaded Objects now: 3028.
Total: 2.409700 ms (FindLiveObjects: 0.267900 ms CreateObjectMapping: 0.095700 ms MarkObjects: 2.027900 ms  DeleteObjects: 0.016700 ms)

========================================================================
Received Prepare
Registering precompiled user dll's ...
Registered in 0.001646 seconds.
Begin MonoManager ReloadAssembly
Native extension for WindowsStandalone target not found
Native extension for WebGL target not found
Refreshing native plugins compatible for Editor in 0.55 ms, found 0 plugins.
Preloading 0 native plugins for Editor in 0.00 ms.
Invoked RoslynAnalysisRunner static constructor.
RoslynAnalysisRunner will not be running.
RoslynAnalysisRunner has terminated.
Mono: successfully reloaded assembly
- Completed reload, in  1.148 seconds
Platform modules already initialized, skipping
Shader 'Universal Render Pipeline/Particles/Lit': fallback shader 'Universal Render Pipeline/Particles/SimpleLit' not found
Refreshing native plugins compatible for Editor in 0.48 ms, found 0 plugins.
Preloading 0 native plugins for Editor in 0.00 ms.
Unloading 2299 Unused Serialized files (Serialized files now loaded: 0)
System memory in use before: 184.5 MB.
System memory in use after: 184.8 MB.

Unloading 5 unused Assets to reduce memory usage. Loaded Objects now: 3030.
Total: 2.716500 ms (FindLiveObjects: 0.289200 ms CreateObjectMapping: 0.099200 ms MarkObjects: 2.298500 ms  DeleteObjects: 0.028100 ms)

========================================================================
Received Prepare
Registering precompiled user dll's ...
Registered in 0.001696 seconds.
Begin MonoManager ReloadAssembly
Native extension for WindowsStandalone target not found
Native extension for WebGL target not found
Refreshing native plugins compatible for Editor in 0.47 ms, found 0 plugins.
Preloading 0 native plugins for Editor in 0.00 ms.
Invoked RoslynAnalysisRunner static constructor.
RoslynAnalysisRunner will not be running.
RoslynAnalysisRunner has terminated.
Mono: successfully reloaded assembly
- Completed reload, in  1.236 seconds
Platform modules already initialized, skipping
Shader 'Universal Render Pipeline/Particles/Lit': fallback shader 'Universal Render Pipeline/Particles/SimpleLit' not found
Refreshing native plugins compatible for Editor in 0.46 ms, found 0 plugins.
Preloading 0 native plugins for Editor in 0.00 ms.
Unloading 2299 Unused Serialized files (Serialized files now loaded: 0)
System memory in use before: 184.5 MB.
System memory in use after: 184.7 MB.

Unloading 5 unused Assets to reduce memory usage. Loaded Objects now: 3032.
Total: 2.738600 ms (FindLiveObjects: 0.270800 ms CreateObjectMapping: 0.101400 ms MarkObjects: 2.346000 ms  DeleteObjects: 0.018900 ms)

========================================================================
Received Prepare
Registering precompiled user dll's ...
Registered in 0.001926 seconds.
Begin MonoManager ReloadAssembly
Native extension for WindowsStandalone target not found
Native extension for WebGL target not found
Refreshing native plugins compatible for Editor in 0.50 ms, found 0 plugins.
Preloading 0 native plugins for Editor in 0.00 ms.
Invoked RoslynAnalysisRunner static constructor.
RoslynAnalysisRunner will not be running.
RoslynAnalysisRunner has terminated.
Mono: successfully reloaded assembly
- Completed reload, in  1.091 seconds
Platform modules already initialized, skipping
Shader 'Universal Render Pipeline/Particles/Lit': fallback shader 'Universal Render Pipeline/Particles/SimpleLit' not found
Refreshing native plugins compatible for Editor in 0.48 ms, found 0 plugins.
Preloading 0 native plugins for Editor in 0.00 ms.
Unloading 2299 Unused Serialized files (Serialized files now loaded: 0)
System memory in use before: 184.6 MB.
System memory in use after: 184.8 MB.

Unloading 5 unused Assets to reduce memory usage. Loaded Objects now: 3034.
Total: 2.890800 ms (FindLiveObjects: 0.328700 ms CreateObjectMapping: 0.113100 ms MarkObjects: 2.427100 ms  DeleteObjects: 0.020600 ms)

========================================================================
Received Import Request.
  Time since last request: 485.734614 seconds.
  path: Assets/Scenes/MainMenu.unity
  artifactKey: Guid(3de253cb2884db646a734332a9a4d1ff) Importer(815301076,1909f56bfc062723c751e8b465ee728b)
Start importing Assets/Scenes/MainMenu.unity using Guid(3de253cb2884db646a734332a9a4d1ff) Importer(815301076,1909f56bfc062723c751e8b465ee728b)  -> (artifact id: 'd45850673fcc97b6c6bb42e28b14b9ee') in 0.025439 seconds
  Import took 0.031450 seconds .

========================================================================
Received Import Request.
  Time since last request: 1.521421 seconds.
  path: Assets/Scenes/MainMenu.unity
  artifactKey: Guid(3de253cb2884db646a734332a9a4d1ff) Importer(815301076,1909f56bfc062723c751e8b465ee728b)
Start importing Assets/Scenes/MainMenu.unity using Guid(3de253cb2884db646a734332a9a4d1ff) Importer(815301076,1909f56bfc062723c751e8b465ee728b)  -> (artifact id: '3b2eb7d3db07b1ad29d85b70c1f7b3bb') in 0.005494 seconds
  Import took 0.012003 seconds .

========================================================================
Received Import Request.
  Time since last request: 0.001703 seconds.
  path: Assets/Scenes/MainMenu.unity
  artifactKey: Guid(3de253cb2884db646a734332a9a4d1ff) Importer(815301076,1909f56bfc062723c751e8b465ee728b)
Start importing Assets/Scenes/MainMenu.unity using Guid(3de253cb2884db646a734332a9a4d1ff) Importer(815301076,1909f56bfc062723c751e8b465ee728b)  -> (artifact id: '3b2eb7d3db07b1ad29d85b70c1f7b3bb') in 0.005051 seconds
  Import took 0.010229 seconds .

========================================================================
Received Prepare
Registering precompiled user dll's ...
Registered in 0.008518 seconds.
Begin MonoManager ReloadAssembly
Native extension for WindowsStandalone target not found
Native extension for WebGL target not found
Refreshing native plugins compatible for Editor in 0.45 ms, found 0 plugins.
Preloading 0 native plugins for Editor in 0.00 ms.
Invoked RoslynAnalysisRunner static constructor.
RoslynAnalysisRunner will not be running.
RoslynAnalysisRunner has terminated.
Mono: successfully reloaded assembly
- Completed reload, in  1.255 seconds
Platform modules already initialized, skipping
Shader 'Universal Render Pipeline/Particles/Lit': fallback shader 'Universal Render Pipeline/Particles/SimpleLit' not found
Refreshing native plugins compatible for Editor in 0.57 ms, found 0 plugins.
Preloading 0 native plugins for Editor in 0.00 ms.
Unloading 2299 Unused Serialized files (Serialized files now loaded: 0)
System memory in use before: 184.5 MB.
System memory in use after: 184.7 MB.

Unloading 5 unused Assets to reduce memory usage. Loaded Objects now: 3036.
Total: 2.579200 ms (FindLiveObjects: 0.268800 ms CreateObjectMapping: 0.105900 ms MarkObjects: 2.177400 ms  DeleteObjects: 0.025600 ms)

========================================================================
Received Import Request.
  Time since last request: 68.592621 seconds.
  path: Assets/Prefabs/Enemies/TurretBullet.prefab
  artifactKey: Guid(256302f1ef1666d45a02d1a496cfb75d) Importer(815301076,1909f56bfc062723c751e8b465ee728b)
Start importing Assets/Prefabs/Enemies/TurretBullet.prefab using Guid(256302f1ef1666d45a02d1a496cfb75d) Importer(815301076,1909f56bfc062723c751e8b465ee728b)  -> (artifact id: 'c51e3472572019b8b272f06f73b4c2b7') in 0.213134 seconds
  Import took 0.218901 seconds .

========================================================================
Received Import Request.
  Time since last request: 2.438238 seconds.
  path: Assets/Prefabs/Enemies/TurretBullet.prefab
  artifactKey: Guid(256302f1ef1666d45a02d1a496cfb75d) Importer(815301076,1909f56bfc062723c751e8b465ee728b)
Start importing Assets/Prefabs/Enemies/TurretBullet.prefab using Guid(256302f1ef1666d45a02d1a496cfb75d) Importer(815301076,1909f56bfc062723c751e8b465ee728b)  -> (artifact id: '9a5eda60ef389d49a529b538ad9a5ddf') in 0.023744 seconds
  Import took 0.032299 seconds .

========================================================================
Received Import Request.
  Time since last request: 2.163583 seconds.
  path: Assets/Prefabs/Enemies/TurretBullet.prefab
  artifactKey: Guid(256302f1ef1666d45a02d1a496cfb75d) Importer(815301076,1909f56bfc062723c751e8b465ee728b)
Start importing Assets/Prefabs/Enemies/TurretBullet.prefab using Guid(256302f1ef1666d45a02d1a496cfb75d) Importer(815301076,1909f56bfc062723c751e8b465ee728b)  -> (artifact id: '911a6533013d5369b02896ac2bb4bb93') in 0.022615 seconds
  Import took 0.028147 seconds .

========================================================================
Received Import Request.
  Time since last request: 24.794435 seconds.
  path: Assets/Prefabs/Enemies/TurretBullet.prefab
  artifactKey: Guid(256302f1ef1666d45a02d1a496cfb75d) Importer(815301076,1909f56bfc062723c751e8b465ee728b)
Start importing Assets/Prefabs/Enemies/TurretBullet.prefab using Guid(256302f1ef1666d45a02d1a496cfb75d) Importer(815301076,1909f56bfc062723c751e8b465ee728b)  -> (artifact id: '3f8e3b4fa526338325db940528ee0da4') in 0.022215 seconds
  Import took 0.027926 seconds .

========================================================================
Received Import Request.
  Time since last request: 2.814240 seconds.
  path: Assets/Prefabs/Enemies/TurretBullet.prefab
  artifactKey: Guid(256302f1ef1666d45a02d1a496cfb75d) Importer(815301076,1909f56bfc062723c751e8b465ee728b)
Start importing Assets/Prefabs/Enemies/TurretBullet.prefab using Guid(256302f1ef1666d45a02d1a496cfb75d) Importer(815301076,1909f56bfc062723c751e8b465ee728b)  -> (artifact id: '3dde359a6d47bbcdcc242fd1f93accb9') in 0.021975 seconds
  Import took 0.029119 seconds .

========================================================================
Received Import Request.
  Time since last request: 20.752077 seconds.
  path: Assets/Prefabs/Enemies/TurretBullet.prefab
  artifactKey: Guid(256302f1ef1666d45a02d1a496cfb75d) Importer(815301076,1909f56bfc062723c751e8b465ee728b)
Start importing Assets/Prefabs/Enemies/TurretBullet.prefab using Guid(256302f1ef1666d45a02d1a496cfb75d) Importer(815301076,1909f56bfc062723c751e8b465ee728b)  -> (artifact id: 'a9d08e9fb556de3dfb9a37d862534486') in 0.014890 seconds
  Import took 0.021527 seconds .

========================================================================
Received Import Request.
  Time since last request: 17.790831 seconds.
  path: Assets/Prefabs/Enemies/TurretBullet.prefab
  artifactKey: Guid(256302f1ef1666d45a02d1a496cfb75d) Importer(815301076,1909f56bfc062723c751e8b465ee728b)
Start importing Assets/Prefabs/Enemies/TurretBullet.prefab using Guid(256302f1ef1666d45a02d1a496cfb75d) Importer(815301076,1909f56bfc062723c751e8b465ee728b)  -> (artifact id: '072d65c90cedf74b77dd844dc25871e6') in 0.013062 seconds
  Import took 0.018327 seconds .

========================================================================
Received Import Request.
  Time since last request: 8.933844 seconds.
  path: Assets/Prefabs/Enemies/TurretBullet.prefab
  artifactKey: Guid(256302f1ef1666d45a02d1a496cfb75d) Importer(815301076,1909f56bfc062723c751e8b465ee728b)
Start importing Assets/Prefabs/Enemies/TurretBullet.prefab using Guid(256302f1ef1666d45a02d1a496cfb75d) Importer(815301076,1909f56bfc062723c751e8b465ee728b)  -> (artifact id: '5b517f9d6cb71e9e4e0a7439904e6d83') in 0.019323 seconds
  Import took 0.025282 seconds .

========================================================================
Received Import Request.
  Time since last request: 30.871744 seconds.
  path: Assets/Settings
  artifactKey: Guid(0735c275001a2c84dafdb30deced5d8d) Importer(815301076,1909f56bfc062723c751e8b465ee728b)
Start importing Assets/Settings using Guid(0735c275001a2c84dafdb30deced5d8d) Importer(815301076,1909f56bfc062723c751e8b465ee728b)  -> (artifact id: '9f4b3db56a84d213058cd763baf10443') in 0.010749 seconds
  Import took 0.015970 seconds .

========================================================================
Received Import Request.
  Time since last request: 3.529097 seconds.
  path: Assets/Scenes/Level-1.unity
  artifactKey: Guid(d1c3109bdb54ad54c8a2b2838528e640) Importer(815301076,1909f56bfc062723c751e8b465ee728b)
Start importing Assets/Scenes/Level-1.unity using Guid(d1c3109bdb54ad54c8a2b2838528e640) Importer(815301076,1909f56bfc062723c751e8b465ee728b)  -> (artifact id: '4c7462af535e1fee9cf5ce1cc9fc8b60') in 0.010575 seconds
  Import took 0.015900 seconds .

========================================================================
Received Import Request.
  Time since last request: 65.976754 seconds.
  path: Assets/Prefabs/Enemies/TurretBullet.prefab
  artifactKey: Guid(256302f1ef1666d45a02d1a496cfb75d) Importer(815301076,1909f56bfc062723c751e8b465ee728b)
Start importing Assets/Prefabs/Enemies/TurretBullet.prefab using Guid(256302f1ef1666d45a02d1a496cfb75d) Importer(815301076,1909f56bfc062723c751e8b465ee728b)  -> (artifact id: 'f39263432fcaaaaf8d04d48246867e55') in 0.017946 seconds
  Import took 0.023430 seconds .

========================================================================
Received Prepare
Registering precompiled user dll's ...
Registered in 0.008102 seconds.
Begin MonoManager ReloadAssembly
Native extension for WindowsStandalone target not found
Native extension for WebGL target not found
Refreshing native plugins compatible for Editor in 0.47 ms, found 0 plugins.
Preloading 0 native plugins for Editor in 0.00 ms.
Invoked RoslynAnalysisRunner static constructor.
RoslynAnalysisRunner will not be running.
RoslynAnalysisRunner has terminated.
Mono: successfully reloaded assembly
- Completed reload, in  1.248 seconds
Platform modules already initialized, skipping
Shader 'Universal Render Pipeline/Particles/Lit': fallback shader 'Universal Render Pipeline/Particles/SimpleLit' not found
Refreshing native plugins compatible for Editor in 0.58 ms, found 0 plugins.
Preloading 0 native plugins for Editor in 0.00 ms.
Unloading 2299 Unused Serialized files (Serialized files now loaded: 0)
System memory in use before: 184.7 MB.
System memory in use after: 184.9 MB.

Unloading 5 unused Assets to reduce memory usage. Loaded Objects now: 3074.
Total: 2.962400 ms (FindLiveObjects: 0.383200 ms CreateObjectMapping: 0.112800 ms MarkObjects: 2.445200 ms  DeleteObjects: 0.019900 ms)

========================================================================
Received Import Request.
  Time since last request: 58.364983 seconds.
  path: Assets/Prefabs/Enemies/TurretBullet.prefab
  artifactKey: Guid(256302f1ef1666d45a02d1a496cfb75d) Importer(815301076,1909f56bfc062723c751e8b465ee728b)
Start importing Assets/Prefabs/Enemies/TurretBullet.prefab using Guid(256302f1ef1666d45a02d1a496cfb75d) Importer(815301076,1909f56bfc062723c751e8b465ee728b)  -> (artifact id: 'daf8ecf53fe726fc42ec2a68eda1d1b3') in 0.222720 seconds
  Import took 0.228264 seconds .

========================================================================
Received Prepare
Registering precompiled user dll's ...
Registered in 0.015331 seconds.
Begin MonoManager ReloadAssembly
Native extension for WindowsStandalone target not found
Native extension for WebGL target not found
Refreshing native plugins compatible for Editor in 0.46 ms, found 0 plugins.
Preloading 0 native plugins for Editor in 0.00 ms.
Invoked RoslynAnalysisRunner static constructor.
RoslynAnalysisRunner will not be running.
RoslynAnalysisRunner has terminated.
Mono: successfully reloaded assembly
- Completed reload, in  1.297 seconds
Platform modules already initialized, skipping
Shader 'Universal Render Pipeline/Particles/Lit': fallback shader 'Universal Render Pipeline/Particles/SimpleLit' not found
Refreshing native plugins compatible for Editor in 0.46 ms, found 0 plugins.
Preloading 0 native plugins for Editor in 0.00 ms.
Unloading 2299 Unused Serialized files (Serialized files now loaded: 0)
System memory in use before: 184.8 MB.
System memory in use after: 185.0 MB.

Unloading 5 unused Assets to reduce memory usage. Loaded Objects now: 3112.
Total: 2.604300 ms (FindLiveObjects: 0.287200 ms CreateObjectMapping: 0.093800 ms MarkObjects: 2.190600 ms  DeleteObjects: 0.030700 ms)

========================================================================
Received Prepare
Registering precompiled user dll's ...
Registered in 0.007547 seconds.
Begin MonoManager ReloadAssembly
Native extension for WindowsStandalone target not found
Native extension for WebGL target not found
Refreshing native plugins compatible for Editor in 0.45 ms, found 0 plugins.
Preloading 0 native plugins for Editor in 0.00 ms.
Invoked RoslynAnalysisRunner static constructor.
RoslynAnalysisRunner will not be running.
RoslynAnalysisRunner has terminated.
Mono: successfully reloaded assembly
- Completed reload, in  1.348 seconds
Platform modules already initialized, skipping
Shader 'Universal Render Pipeline/Particles/Lit': fallback shader 'Universal Render Pipeline/Particles/SimpleLit' not found
Refreshing native plugins compatible for Editor in 0.46 ms, found 0 plugins.
Preloading 0 native plugins for Editor in 0.00 ms.
Unloading 2299 Unused Serialized files (Serialized files now loaded: 0)
System memory in use before: 184.8 MB.
System memory in use after: 185.0 MB.

Unloading 5 unused Assets to reduce memory usage. Loaded Objects now: 3114.
Total: 2.803600 ms (FindLiveObjects: 0.277000 ms CreateObjectMapping: 0.096900 ms MarkObjects: 2.410300 ms  DeleteObjects: 0.017800 ms)

========================================================================
Received Prepare
Registering precompiled user dll's ...
Registered in 0.005425 seconds.
Begin MonoManager ReloadAssembly
Native extension for WindowsStandalone target not found
Native extension for WebGL target not found
Refreshing native plugins compatible for Editor in 0.48 ms, found 0 plugins.
Preloading 0 native plugins for Editor in 0.00 ms.
Invoked RoslynAnalysisRunner static constructor.
RoslynAnalysisRunner will not be running.
RoslynAnalysisRunner has terminated.
Mono: successfully reloaded assembly
- Completed reload, in  1.311 seconds
Platform modules already initialized, skipping
Shader 'Universal Render Pipeline/Particles/Lit': fallback shader 'Universal Render Pipeline/Particles/SimpleLit' not found
Refreshing native plugins compatible for Editor in 0.46 ms, found 0 plugins.
Preloading 0 native plugins for Editor in 0.00 ms.
Unloading 2299 Unused Serialized files (Serialized files now loaded: 0)
System memory in use before: 184.8 MB.
System memory in use after: 185.0 MB.

Unloading 5 unused Assets to reduce memory usage. Loaded Objects now: 3116.
Total: 2.978100 ms (FindLiveObjects: 0.360700 ms CreateObjectMapping: 0.187800 ms MarkObjects: 2.408600 ms  DeleteObjects: 0.019300 ms)

AssetImportWorkerClient::OnTransportError - code=2 error=End of file
