Using pre-set license
Built from '2020.2/release' branch; Version is '2020.2.1f1 (270dd8c3da1c) revision 2559448'; Using compiler version '192528614'; Build Type 'Release'
OS: 'Windows 10  (10.0.0) 64bit' Language: 'en' Physical Memory: 8140 MB
BatchMode: 1, IsHumanControllingUs: 0, StartBugReporterOnCrash: 0, Is64bit: 1, IsPro: 0

 COMMAND LINE ARGUMENTS:
D:\ProgramData\Unity Editors\2020.2.1f1\Editor\Unity.exe
-adb2
-batchMode
-noUpm
-name
AssetImportWorker2
-projectPath
C:/Users/love/Documents/GitHub/UnityGame-Slayer/slayer
-logFile
Logs/AssetImportWorker2.log
-srvPort
54761
Successfully changed project path to: C:/Users/love/Documents/GitHub/UnityGame-Slayer/slayer
C:/Users/love/Documents/GitHub/UnityGame-Slayer/slayer
Using Asset Import Pipeline V2.
Refreshing native plugins compatible for Editor in 63.08 ms, found 0 plugins.
Preloading 0 native plugins for Editor in 0.00 ms.
Initialize engine version: 2020.2.1f1 (270dd8c3da1c)
[Subsystems] Discovering subsystems at path D:/ProgramData/Unity Editors/2020.2.1f1/Editor/Data/Resources/UnitySubsystems
[Subsystems] Discovering subsystems at path C:/Users/love/Documents/GitHub/UnityGame-Slayer/slayer/Assets
GfxDevice: creating device client; threaded=0
Direct3D:
    Version:  Direct3D 11.0 [level 11.1]
    Renderer: Radeon RX 580 Series (ID=0x67df)
    Vendor:   
    VRAM:     4075 MB
    Driver:   27.20.12027.1001
Shader 'Universal Render Pipeline/Particles/Lit': fallback shader 'Universal Render Pipeline/Particles/SimpleLit' not found
Initialize mono
Mono path[0] = 'D:/ProgramData/Unity Editors/2020.2.1f1/Editor/Data/Managed'
Mono path[1] = 'D:/ProgramData/Unity Editors/2020.2.1f1/Editor/Data/MonoBleedingEdge/lib/mono/unityjit'
Mono config path = 'D:/ProgramData/Unity Editors/2020.2.1f1/Editor/Data/MonoBleedingEdge/etc'
Using monoOptions --debugger-agent=transport=dt_socket,embedding=1,server=y,suspend=n,address=127.0.0.1:56428
Begin MonoManager ReloadAssembly
Registering precompiled unity dll's ...
Register platform support module: D:/ProgramData/Unity Editors/2020.2.1f1/Editor/Data/PlaybackEngines/WebGLSupport/UnityEditor.WebGL.Extensions.dll
Register platform support module: D:/ProgramData/Unity Editors/2020.2.1f1/Editor/Data/PlaybackEngines/WindowsStandaloneSupport/UnityEditor.WindowsStandalone.Extensions.dll
Registered in 0.001855 seconds.
Native extension for WindowsStandalone target not found
Native extension for WebGL target not found
Refreshing native plugins compatible for Editor in 71.60 ms, found 0 plugins.
Preloading 0 native plugins for Editor in 0.00 ms.
Invoked RoslynAnalysisRunner static constructor.
RoslynAnalysisRunner will not be running.
RoslynAnalysisRunner has terminated.
Mono: successfully reloaded assembly
- Completed reload, in  1.314 seconds
Platform modules already initialized, skipping
Registering precompiled user dll's ...
Registered in 0.001782 seconds.
Begin MonoManager ReloadAssembly
Native extension for WindowsStandalone target not found
Native extension for WebGL target not found
Refreshing native plugins compatible for Editor in 64.33 ms, found 0 plugins.
Preloading 0 native plugins for Editor in 0.00 ms.
Invoked RoslynAnalysisRunner static constructor.
RoslynAnalysisRunner will not be running.
RoslynAnalysisRunner has terminated.
Mono: successfully reloaded assembly
- Completed reload, in  1.734 seconds
Platform modules already initialized, skipping
========================================================================
Worker process is ready to serve import requests
Shader 'Universal Render Pipeline/Particles/Lit': fallback shader 'Universal Render Pipeline/Particles/SimpleLit' not found
Launched and connected shader compiler UnityShaderCompiler.exe after 0.11 seconds
Refreshing native plugins compatible for Editor in 0.49 ms, found 0 plugins.
Preloading 0 native plugins for Editor in 0.00 ms.
Unloading 2453 Unused Serialized files (Serialized files now loaded: 0)
System memory in use before: 185.4 MB.
System memory in use after: 185.6 MB.

Unloading 10 unused Assets to reduce memory usage. Loaded Objects now: 2898.
Total: 228.482300 ms (FindLiveObjects: 0.268400 ms CreateObjectMapping: 0.100500 ms MarkObjects: 223.478900 ms  DeleteObjects: 4.631700 ms)

========================================================================
Received Import Request.
  path: Assets/Images/PaintController.controller
  artifactKey: Guid(c5155f4eecb748d46a97a00419f6cf87) Importer(815301076,1909f56bfc062723c751e8b465ee728b)
Start importing Assets/Images/PaintController.controller using Guid(c5155f4eecb748d46a97a00419f6cf87) Importer(815301076,1909f56bfc062723c751e8b465ee728b)  -> (artifact id: '63e8962b544e611f2a7e5275a0923025') in 0.184705 seconds
  Import took 0.189687 seconds .

========================================================================
Received Prepare
Registering precompiled user dll's ...
Registered in 0.002702 seconds.
Begin MonoManager ReloadAssembly
Native extension for WindowsStandalone target not found
Native extension for WebGL target not found
Refreshing native plugins compatible for Editor in 0.62 ms, found 0 plugins.
Preloading 0 native plugins for Editor in 0.00 ms.
Invoked RoslynAnalysisRunner static constructor.
RoslynAnalysisRunner will not be running.
RoslynAnalysisRunner has terminated.
Mono: successfully reloaded assembly
- Completed reload, in  1.185 seconds
Platform modules already initialized, skipping
Shader 'Universal Render Pipeline/Particles/Lit': fallback shader 'Universal Render Pipeline/Particles/SimpleLit' not found
Refreshing native plugins compatible for Editor in 0.47 ms, found 0 plugins.
Preloading 0 native plugins for Editor in 0.00 ms.
Unloading 2343 Unused Serialized files (Serialized files now loaded: 0)
System memory in use before: 180.6 MB.
System memory in use after: 180.8 MB.

Unloading 5 unused Assets to reduce memory usage. Loaded Objects now: 2900.
Total: 2.670200 ms (FindLiveObjects: 0.247500 ms CreateObjectMapping: 0.100400 ms MarkObjects: 2.292400 ms  DeleteObjects: 0.028200 ms)

========================================================================
Received Prepare
Registering precompiled user dll's ...
Registered in 0.001928 seconds.
Begin MonoManager ReloadAssembly
Native extension for WindowsStandalone target not found
Native extension for WebGL target not found
Refreshing native plugins compatible for Editor in 0.47 ms, found 0 plugins.
Preloading 0 native plugins for Editor in 0.00 ms.
Invoked RoslynAnalysisRunner static constructor.
RoslynAnalysisRunner will not be running.
RoslynAnalysisRunner has terminated.
Mono: successfully reloaded assembly
- Completed reload, in  1.292 seconds
Platform modules already initialized, skipping
Shader 'Universal Render Pipeline/Particles/Lit': fallback shader 'Universal Render Pipeline/Particles/SimpleLit' not found
Refreshing native plugins compatible for Editor in 0.49 ms, found 0 plugins.
Preloading 0 native plugins for Editor in 0.00 ms.
Unloading 2343 Unused Serialized files (Serialized files now loaded: 0)
System memory in use before: 180.6 MB.
System memory in use after: 180.8 MB.

Unloading 5 unused Assets to reduce memory usage. Loaded Objects now: 2902.
Total: 2.739100 ms (FindLiveObjects: 0.246100 ms CreateObjectMapping: 0.096700 ms MarkObjects: 2.375800 ms  DeleteObjects: 0.018600 ms)

========================================================================
Received Prepare
Registering precompiled user dll's ...
Registered in 0.001642 seconds.
Begin MonoManager ReloadAssembly
Native extension for WindowsStandalone target not found
Native extension for WebGL target not found
Refreshing native plugins compatible for Editor in 0.55 ms, found 0 plugins.
Preloading 0 native plugins for Editor in 0.00 ms.
Invoked RoslynAnalysisRunner static constructor.
RoslynAnalysisRunner will not be running.
RoslynAnalysisRunner has terminated.
Mono: successfully reloaded assembly
- Completed reload, in  1.563 seconds
Platform modules already initialized, skipping
Shader 'Universal Render Pipeline/Particles/Lit': fallback shader 'Universal Render Pipeline/Particles/SimpleLit' not found
Refreshing native plugins compatible for Editor in 0.49 ms, found 0 plugins.
Preloading 0 native plugins for Editor in 0.00 ms.
Unloading 2343 Unused Serialized files (Serialized files now loaded: 0)
System memory in use before: 180.6 MB.
System memory in use after: 180.8 MB.

Unloading 5 unused Assets to reduce memory usage. Loaded Objects now: 2904.
Total: 2.491800 ms (FindLiveObjects: 0.247000 ms CreateObjectMapping: 0.098700 ms MarkObjects: 2.122100 ms  DeleteObjects: 0.022100 ms)

========================================================================
Received Prepare
Registering precompiled user dll's ...
Registered in 0.001616 seconds.
Begin MonoManager ReloadAssembly
Native extension for WindowsStandalone target not found
Native extension for WebGL target not found
Refreshing native plugins compatible for Editor in 0.53 ms, found 0 plugins.
Preloading 0 native plugins for Editor in 0.00 ms.
Invoked RoslynAnalysisRunner static constructor.
RoslynAnalysisRunner will not be running.
RoslynAnalysisRunner has terminated.
Mono: successfully reloaded assembly
- Completed reload, in  1.252 seconds
Platform modules already initialized, skipping
Shader 'Universal Render Pipeline/Particles/Lit': fallback shader 'Universal Render Pipeline/Particles/SimpleLit' not found
Refreshing native plugins compatible for Editor in 0.46 ms, found 0 plugins.
Preloading 0 native plugins for Editor in 0.00 ms.
Unloading 2343 Unused Serialized files (Serialized files now loaded: 0)
System memory in use before: 180.6 MB.
System memory in use after: 180.9 MB.

Unloading 5 unused Assets to reduce memory usage. Loaded Objects now: 2906.
Total: 2.494200 ms (FindLiveObjects: 0.250200 ms CreateObjectMapping: 0.102500 ms MarkObjects: 2.121200 ms  DeleteObjects: 0.018400 ms)

========================================================================
Received Prepare
Registering precompiled user dll's ...
Registered in 0.001683 seconds.
Begin MonoManager ReloadAssembly
Native extension for WindowsStandalone target not found
Native extension for WebGL target not found
Refreshing native plugins compatible for Editor in 0.47 ms, found 0 plugins.
Preloading 0 native plugins for Editor in 0.00 ms.
Invoked RoslynAnalysisRunner static constructor.
RoslynAnalysisRunner will not be running.
RoslynAnalysisRunner has terminated.
Mono: successfully reloaded assembly
- Completed reload, in  1.282 seconds
Platform modules already initialized, skipping
Shader 'Universal Render Pipeline/Particles/Lit': fallback shader 'Universal Render Pipeline/Particles/SimpleLit' not found
Refreshing native plugins compatible for Editor in 0.78 ms, found 0 plugins.
Preloading 0 native plugins for Editor in 0.00 ms.
Unloading 2343 Unused Serialized files (Serialized files now loaded: 0)
System memory in use before: 180.6 MB.
System memory in use after: 180.8 MB.

Unloading 5 unused Assets to reduce memory usage. Loaded Objects now: 2908.
Total: 3.196800 ms (FindLiveObjects: 0.249200 ms CreateObjectMapping: 0.099500 ms MarkObjects: 2.806800 ms  DeleteObjects: 0.039000 ms)

========================================================================
Received Prepare
Registering precompiled user dll's ...
Registered in 0.001573 seconds.
Begin MonoManager ReloadAssembly
Native extension for WindowsStandalone target not found
Native extension for WebGL target not found
Refreshing native plugins compatible for Editor in 0.76 ms, found 0 plugins.
Preloading 0 native plugins for Editor in 0.00 ms.
Invoked RoslynAnalysisRunner static constructor.
RoslynAnalysisRunner will not be running.
RoslynAnalysisRunner has terminated.
Mono: successfully reloaded assembly
- Completed reload, in  1.249 seconds
Platform modules already initialized, skipping
Shader 'Universal Render Pipeline/Particles/Lit': fallback shader 'Universal Render Pipeline/Particles/SimpleLit' not found
Refreshing native plugins compatible for Editor in 0.47 ms, found 0 plugins.
Preloading 0 native plugins for Editor in 0.00 ms.
Unloading 2343 Unused Serialized files (Serialized files now loaded: 0)
System memory in use before: 180.7 MB.
System memory in use after: 180.9 MB.

Unloading 5 unused Assets to reduce memory usage. Loaded Objects now: 2910.
Total: 2.759000 ms (FindLiveObjects: 0.293400 ms CreateObjectMapping: 0.283600 ms MarkObjects: 2.157400 ms  DeleteObjects: 0.022800 ms)

========================================================================
Received Import Request.
  Time since last request: 615.605381 seconds.
  path: Assets/Images/paint_splashes
  artifactKey: Guid(a6658c0c5393c364fa7ecafc760ab5e8) Importer(815301076,1909f56bfc062723c751e8b465ee728b)
Start importing Assets/Images/paint_splashes using Guid(a6658c0c5393c364fa7ecafc760ab5e8) Importer(815301076,1909f56bfc062723c751e8b465ee728b)  -> (artifact id: 'f6cf5dcf7bccaad12aea659948e39c47') in 0.016463 seconds
  Import took 0.025297 seconds .

========================================================================
Received Import Request.
  Time since last request: 0.001908 seconds.
  path: Assets/Images/paint_splashes
  artifactKey: Guid(a6658c0c5393c364fa7ecafc760ab5e8) Importer(815301076,1909f56bfc062723c751e8b465ee728b)
Start importing Assets/Images/paint_splashes using Guid(a6658c0c5393c364fa7ecafc760ab5e8) Importer(815301076,1909f56bfc062723c751e8b465ee728b)  -> (artifact id: 'f6cf5dcf7bccaad12aea659948e39c47') in 0.003680 seconds
  Import took 0.011153 seconds .

========================================================================
Received Import Request.
  Time since last request: 31.672832 seconds.
  path: Assets/Images/paint_splashes/paint_splash0008.png
  artifactKey: Guid(bff42a272a1561f4baf5d7ab06ac71b8) Importer(815301076,1909f56bfc062723c751e8b465ee728b)
Start importing Assets/Images/paint_splashes/paint_splash0008.png using Guid(bff42a272a1561f4baf5d7ab06ac71b8) Importer(815301076,1909f56bfc062723c751e8b465ee728b)  -> (artifact id: '9b2ef698b284f78b4cf30d41df51f96f') in 0.198950 seconds
  Import took 0.206934 seconds .

========================================================================
Received Import Request.
  Time since last request: 0.000571 seconds.
  path: Assets/Images/paint_splashes/paint_splash0011.png
  artifactKey: Guid(a305194f1ec7a5e4bb26f46824959b22) Importer(815301076,1909f56bfc062723c751e8b465ee728b)
Start importing Assets/Images/paint_splashes/paint_splash0011.png using Guid(a305194f1ec7a5e4bb26f46824959b22) Importer(815301076,1909f56bfc062723c751e8b465ee728b)  -> (artifact id: '39420ce8fd4372750dbf29d329366c65') in 0.025285 seconds
  Import took 0.031675 seconds .

========================================================================
Received Import Request.
  Time since last request: 0.000346 seconds.
  path: Assets/Images/paint_splashes/paint_splash0017.png
  artifactKey: Guid(c934a5e55f326804db1be20ed9c116e2) Importer(815301076,1909f56bfc062723c751e8b465ee728b)
Start importing Assets/Images/paint_splashes/paint_splash0017.png using Guid(c934a5e55f326804db1be20ed9c116e2) Importer(815301076,1909f56bfc062723c751e8b465ee728b)  -> (artifact id: 'f75a4530aca63e9f1ffe302e3e6e918b') in 0.036710 seconds
  Import took 0.044624 seconds .

========================================================================
Received Import Request.
  Time since last request: 0.000307 seconds.
  path: Assets/Images/paint_splashes/paint_splash0010.png
  artifactKey: Guid(ca455b0e7bcb8d4498d60384ba2904dd) Importer(815301076,1909f56bfc062723c751e8b465ee728b)
Start importing Assets/Images/paint_splashes/paint_splash0010.png using Guid(ca455b0e7bcb8d4498d60384ba2904dd) Importer(815301076,1909f56bfc062723c751e8b465ee728b)  -> (artifact id: '3ca90b06235669c4151eddf9c4ad749b') in 0.029601 seconds
  Import took 0.040222 seconds .

========================================================================
Received Import Request.
  Time since last request: 0.000250 seconds.
  path: Assets/Images/paint_splashes/paint_splash0012.png
  artifactKey: Guid(b8b2713fb13fc704eabc6455e1527ed9) Importer(815301076,1909f56bfc062723c751e8b465ee728b)
Start importing Assets/Images/paint_splashes/paint_splash0012.png using Guid(b8b2713fb13fc704eabc6455e1527ed9) Importer(815301076,1909f56bfc062723c751e8b465ee728b)  -> (artifact id: 'e3878fcdbaca55cced3f9879944a6f52') in 0.019514 seconds
  Import took 0.024932 seconds .

========================================================================
Received Import Request.
  Time since last request: 0.000383 seconds.
  path: Assets/Images/paint_splashes/paint_splash0013.png
  artifactKey: Guid(ea05a6ceccf7cf44bbd17279a8aae4ab) Importer(815301076,1909f56bfc062723c751e8b465ee728b)
Start importing Assets/Images/paint_splashes/paint_splash0013.png using Guid(ea05a6ceccf7cf44bbd17279a8aae4ab) Importer(815301076,1909f56bfc062723c751e8b465ee728b)  -> (artifact id: '9449aedb389b028d359202cb20eba8bf') in 0.016713 seconds
  Import took 0.022053 seconds .

========================================================================
Received Import Request.
  Time since last request: 0.000240 seconds.
  path: Assets/Images/paint_splashes/paint_splash0009.png
  artifactKey: Guid(8566f40cc134efc4aaac953d9f0eda3f) Importer(815301076,1909f56bfc062723c751e8b465ee728b)
Start importing Assets/Images/paint_splashes/paint_splash0009.png using Guid(8566f40cc134efc4aaac953d9f0eda3f) Importer(815301076,1909f56bfc062723c751e8b465ee728b)  -> (artifact id: '6548d1cab678d551eefe631d405d0c02') in 0.016899 seconds
  Import took 0.022043 seconds .

========================================================================
Received Import Request.
  Time since last request: 0.000214 seconds.
  path: Assets/Images/paint_splashes/paint_splash0014.png
  artifactKey: Guid(748caf1e898871b41a907fa71258eadb) Importer(815301076,1909f56bfc062723c751e8b465ee728b)
Start importing Assets/Images/paint_splashes/paint_splash0014.png using Guid(748caf1e898871b41a907fa71258eadb) Importer(815301076,1909f56bfc062723c751e8b465ee728b)  -> (artifact id: 'e4036f3f5098d0c0c895a58dd2cba743') in 0.016792 seconds
  Import took 0.021722 seconds .

========================================================================
Received Import Request.
  Time since last request: 0.000196 seconds.
  path: Assets/Images/paint_splashes/paint_splash0015.png
  artifactKey: Guid(7279f45b657c95041b380d65509d63ca) Importer(815301076,1909f56bfc062723c751e8b465ee728b)
Start importing Assets/Images/paint_splashes/paint_splash0015.png using Guid(7279f45b657c95041b380d65509d63ca) Importer(815301076,1909f56bfc062723c751e8b465ee728b)  -> (artifact id: '9d03f28256a60dd38bf0bd597abf3be9') in 0.020647 seconds
  Import took 0.027135 seconds .

========================================================================
Received Import Request.
  Time since last request: 0.000189 seconds.
  path: Assets/Images/paint_splashes/paint_splash0016.png
  artifactKey: Guid(2fcfa4eaf60074040b0327c23d0c1817) Importer(815301076,1909f56bfc062723c751e8b465ee728b)
Start importing Assets/Images/paint_splashes/paint_splash0016.png using Guid(2fcfa4eaf60074040b0327c23d0c1817) Importer(815301076,1909f56bfc062723c751e8b465ee728b)  -> (artifact id: 'fa88e21c8f9e9d152b425d13d804d4b0') in 0.022885 seconds
  Import took 0.028903 seconds .

========================================================================
Received Import Request.
  Time since last request: 13.003272 seconds.
  path: Assets/Images/paint_splashes/paint_splash0008.png
  artifactKey: Guid(bff42a272a1561f4baf5d7ab06ac71b8) Importer(815301076,1909f56bfc062723c751e8b465ee728b)
Start importing Assets/Images/paint_splashes/paint_splash0008.png using Guid(bff42a272a1561f4baf5d7ab06ac71b8) Importer(815301076,1909f56bfc062723c751e8b465ee728b)  -> (artifact id: 'b68e3e8b5db17ce9f034243e324bd74e') in 0.163889 seconds
  Import took 0.169710 seconds .

========================================================================
Received Import Request.
  Time since last request: 0.000200 seconds.
  path: Assets/Images/paint_splashes/paint_splash0011.png
  artifactKey: Guid(a305194f1ec7a5e4bb26f46824959b22) Importer(815301076,1909f56bfc062723c751e8b465ee728b)
Start importing Assets/Images/paint_splashes/paint_splash0011.png using Guid(a305194f1ec7a5e4bb26f46824959b22) Importer(815301076,1909f56bfc062723c751e8b465ee728b)  -> (artifact id: '39f56023d0bd59d31051841161599aeb') in 0.020680 seconds
  Import took 0.026012 seconds .

========================================================================
Received Import Request.
  Time since last request: 0.000200 seconds.
  path: Assets/Images/paint_splashes/paint_splash0017.png
  artifactKey: Guid(c934a5e55f326804db1be20ed9c116e2) Importer(815301076,1909f56bfc062723c751e8b465ee728b)
Start importing Assets/Images/paint_splashes/paint_splash0017.png using Guid(c934a5e55f326804db1be20ed9c116e2) Importer(815301076,1909f56bfc062723c751e8b465ee728b)  -> (artifact id: '1f9c662dd3130c7fb6d7a5390079601f') in 0.022242 seconds
  Import took 0.028759 seconds .

========================================================================
Received Import Request.
  Time since last request: 0.000216 seconds.
  path: Assets/Images/paint_splashes/paint_splash0010.png
  artifactKey: Guid(ca455b0e7bcb8d4498d60384ba2904dd) Importer(815301076,1909f56bfc062723c751e8b465ee728b)
Start importing Assets/Images/paint_splashes/paint_splash0010.png using Guid(ca455b0e7bcb8d4498d60384ba2904dd) Importer(815301076,1909f56bfc062723c751e8b465ee728b)  -> (artifact id: 'b4c22c25775406c4877567a4e8aefa0e') in 0.020633 seconds
  Import took 0.030568 seconds .

========================================================================
Received Import Request.
  Time since last request: 0.000289 seconds.
  path: Assets/Images/paint_splashes/paint_splash0012.png
  artifactKey: Guid(b8b2713fb13fc704eabc6455e1527ed9) Importer(815301076,1909f56bfc062723c751e8b465ee728b)
Start importing Assets/Images/paint_splashes/paint_splash0012.png using Guid(b8b2713fb13fc704eabc6455e1527ed9) Importer(815301076,1909f56bfc062723c751e8b465ee728b)  -> (artifact id: '9b323a6279fa99724403f72e206f1a16') in 0.024492 seconds
  Import took 0.030910 seconds .

========================================================================
Received Import Request.
  Time since last request: 0.000192 seconds.
  path: Assets/Images/paint_splashes/paint_splash0013.png
  artifactKey: Guid(ea05a6ceccf7cf44bbd17279a8aae4ab) Importer(815301076,1909f56bfc062723c751e8b465ee728b)
Start importing Assets/Images/paint_splashes/paint_splash0013.png using Guid(ea05a6ceccf7cf44bbd17279a8aae4ab) Importer(815301076,1909f56bfc062723c751e8b465ee728b)  -> (artifact id: '29a3bb56607abaf977ad81ca0909a697') in 0.022075 seconds
  Import took 0.028606 seconds .

========================================================================
Received Import Request.
  Time since last request: 0.000200 seconds.
  path: Assets/Images/paint_splashes/paint_splash0009.png
  artifactKey: Guid(8566f40cc134efc4aaac953d9f0eda3f) Importer(815301076,1909f56bfc062723c751e8b465ee728b)
Start importing Assets/Images/paint_splashes/paint_splash0009.png using Guid(8566f40cc134efc4aaac953d9f0eda3f) Importer(815301076,1909f56bfc062723c751e8b465ee728b)  -> (artifact id: '5c9420c72e17cfbe11c8e3554b99a28a') in 0.016891 seconds
  Import took 0.023934 seconds .

========================================================================
Received Import Request.
  Time since last request: 0.001095 seconds.
  path: Assets/Images/paint_splashes/paint_splash0014.png
  artifactKey: Guid(748caf1e898871b41a907fa71258eadb) Importer(815301076,1909f56bfc062723c751e8b465ee728b)
Start importing Assets/Images/paint_splashes/paint_splash0014.png using Guid(748caf1e898871b41a907fa71258eadb) Importer(815301076,1909f56bfc062723c751e8b465ee728b)  -> (artifact id: '7630850264c97a110137bddbb606f827') in 0.018488 seconds
  Import took 0.025037 seconds .

========================================================================
Received Import Request.
  Time since last request: 0.000230 seconds.
  path: Assets/Images/paint_splashes/paint_splash0015.png
  artifactKey: Guid(7279f45b657c95041b380d65509d63ca) Importer(815301076,1909f56bfc062723c751e8b465ee728b)
Start importing Assets/Images/paint_splashes/paint_splash0015.png using Guid(7279f45b657c95041b380d65509d63ca) Importer(815301076,1909f56bfc062723c751e8b465ee728b)  -> (artifact id: '6e23fdbf2b3bf7c295f11e3f6a90320f') in 0.016764 seconds
  Import took 0.023210 seconds .

========================================================================
Received Import Request.
  Time since last request: 0.001432 seconds.
  path: Assets/Images/paint_splashes/paint_splash0016.png
  artifactKey: Guid(2fcfa4eaf60074040b0327c23d0c1817) Importer(815301076,1909f56bfc062723c751e8b465ee728b)
Start importing Assets/Images/paint_splashes/paint_splash0016.png using Guid(2fcfa4eaf60074040b0327c23d0c1817) Importer(815301076,1909f56bfc062723c751e8b465ee728b)  -> (artifact id: 'f124f7b42e5ff67a2132cb68068b517e') in 0.016355 seconds
  Import took 0.022919 seconds .

========================================================================
Received Import Request.
  Time since last request: 1.997015 seconds.
  path: Assets/Images/paint_splashes/paint_splash0008.png
  artifactKey: Guid(bff42a272a1561f4baf5d7ab06ac71b8) Importer(815301076,1909f56bfc062723c751e8b465ee728b)
Start importing Assets/Images/paint_splashes/paint_splash0008.png using Guid(bff42a272a1561f4baf5d7ab06ac71b8) Importer(815301076,1909f56bfc062723c751e8b465ee728b)  -> (artifact id: 'b7b9453acfc61437e54d04c0675b21a0') in 0.021608 seconds
  Import took 0.031298 seconds .

========================================================================
Received Import Request.
  Time since last request: 0.000231 seconds.
  path: Assets/Images/paint_splashes/paint_splash0011.png
  artifactKey: Guid(a305194f1ec7a5e4bb26f46824959b22) Importer(815301076,1909f56bfc062723c751e8b465ee728b)
Start importing Assets/Images/paint_splashes/paint_splash0011.png using Guid(a305194f1ec7a5e4bb26f46824959b22) Importer(815301076,1909f56bfc062723c751e8b465ee728b)  -> (artifact id: '7c084f10af3c21d8e8de87cecd602ab3') in 0.024875 seconds
  Import took 0.032280 seconds .

========================================================================
Received Import Request.
  Time since last request: 0.000220 seconds.
  path: Assets/Images/paint_splashes/paint_splash0017.png
  artifactKey: Guid(c934a5e55f326804db1be20ed9c116e2) Importer(815301076,1909f56bfc062723c751e8b465ee728b)
Start importing Assets/Images/paint_splashes/paint_splash0017.png using Guid(c934a5e55f326804db1be20ed9c116e2) Importer(815301076,1909f56bfc062723c751e8b465ee728b)  -> (artifact id: '719c43e950265903987be3b99d93985a') in 0.018429 seconds
  Import took 0.025968 seconds .

========================================================================
Received Import Request.
  Time since last request: 0.000047 seconds.
  path: Assets/Images/paint_splashes/paint_splash0010.png
  artifactKey: Guid(ca455b0e7bcb8d4498d60384ba2904dd) Importer(815301076,1909f56bfc062723c751e8b465ee728b)
Start importing Assets/Images/paint_splashes/paint_splash0010.png using Guid(ca455b0e7bcb8d4498d60384ba2904dd) Importer(815301076,1909f56bfc062723c751e8b465ee728b)  -> (artifact id: 'cf04033bd10a6d8b63113440894439f5') in 0.015699 seconds
  Import took 0.024324 seconds .

========================================================================
Received Import Request.
  Time since last request: 0.000231 seconds.
  path: Assets/Images/paint_splashes/paint_splash0012.png
  artifactKey: Guid(b8b2713fb13fc704eabc6455e1527ed9) Importer(815301076,1909f56bfc062723c751e8b465ee728b)
Start importing Assets/Images/paint_splashes/paint_splash0012.png using Guid(b8b2713fb13fc704eabc6455e1527ed9) Importer(815301076,1909f56bfc062723c751e8b465ee728b)  -> (artifact id: '2795379ffc552a48a1a00614508c9776') in 0.015583 seconds
  Import took 0.021379 seconds .

========================================================================
Received Import Request.
  Time since last request: 0.000204 seconds.
  path: Assets/Images/paint_splashes/paint_splash0013.png
  artifactKey: Guid(ea05a6ceccf7cf44bbd17279a8aae4ab) Importer(815301076,1909f56bfc062723c751e8b465ee728b)
Start importing Assets/Images/paint_splashes/paint_splash0013.png using Guid(ea05a6ceccf7cf44bbd17279a8aae4ab) Importer(815301076,1909f56bfc062723c751e8b465ee728b)  -> (artifact id: '4813af3351000aea878019654354f4ff') in 0.018752 seconds
  Import took 0.026570 seconds .

========================================================================
Received Import Request.
  Time since last request: 0.000340 seconds.
  path: Assets/Images/paint_splashes/paint_splash0009.png
  artifactKey: Guid(8566f40cc134efc4aaac953d9f0eda3f) Importer(815301076,1909f56bfc062723c751e8b465ee728b)
Start importing Assets/Images/paint_splashes/paint_splash0009.png using Guid(8566f40cc134efc4aaac953d9f0eda3f) Importer(815301076,1909f56bfc062723c751e8b465ee728b)  -> (artifact id: '742446b06fb1eee2508a9122752d8873') in 0.014454 seconds
  Import took 0.021555 seconds .

========================================================================
Received Import Request.
  Time since last request: 0.000210 seconds.
  path: Assets/Images/paint_splashes/paint_splash0014.png
  artifactKey: Guid(748caf1e898871b41a907fa71258eadb) Importer(815301076,1909f56bfc062723c751e8b465ee728b)
Start importing Assets/Images/paint_splashes/paint_splash0014.png using Guid(748caf1e898871b41a907fa71258eadb) Importer(815301076,1909f56bfc062723c751e8b465ee728b)  -> (artifact id: 'a4191c3430e23068e870458ef43ef4a5') in 0.011502 seconds
  Import took 0.017432 seconds .

========================================================================
Received Import Request.
  Time since last request: 0.000415 seconds.
  path: Assets/Images/paint_splashes/paint_splash0015.png
  artifactKey: Guid(7279f45b657c95041b380d65509d63ca) Importer(815301076,1909f56bfc062723c751e8b465ee728b)
Start importing Assets/Images/paint_splashes/paint_splash0015.png using Guid(7279f45b657c95041b380d65509d63ca) Importer(815301076,1909f56bfc062723c751e8b465ee728b)  -> (artifact id: 'c5a1a1d96a99bcba219164663ce1874b') in 0.012088 seconds
  Import took 0.019985 seconds .

========================================================================
Received Import Request.
  Time since last request: 0.000236 seconds.
  path: Assets/Images/paint_splashes/paint_splash0016.png
  artifactKey: Guid(2fcfa4eaf60074040b0327c23d0c1817) Importer(815301076,1909f56bfc062723c751e8b465ee728b)
Start importing Assets/Images/paint_splashes/paint_splash0016.png using Guid(2fcfa4eaf60074040b0327c23d0c1817) Importer(815301076,1909f56bfc062723c751e8b465ee728b)  -> (artifact id: '9a12be66bd8333d95e5ea3651f2e38b4') in 0.011993 seconds
  Import took 0.017704 seconds .

========================================================================
Received Prepare
Registering precompiled user dll's ...
Registered in 0.001986 seconds.
Begin MonoManager ReloadAssembly
Native extension for WindowsStandalone target not found
Native extension for WebGL target not found
Refreshing native plugins compatible for Editor in 0.49 ms, found 0 plugins.
Preloading 0 native plugins for Editor in 0.00 ms.
Invoked RoslynAnalysisRunner static constructor.
RoslynAnalysisRunner will not be running.
RoslynAnalysisRunner has terminated.
Mono: successfully reloaded assembly
- Completed reload, in  1.244 seconds
Platform modules already initialized, skipping
Shader 'Universal Render Pipeline/Particles/Lit': fallback shader 'Universal Render Pipeline/Particles/SimpleLit' not found
Refreshing native plugins compatible for Editor in 0.74 ms, found 0 plugins.
Preloading 0 native plugins for Editor in 0.00 ms.
Unloading 2343 Unused Serialized files (Serialized files now loaded: 0)
System memory in use before: 183.6 MB.
System memory in use after: 183.8 MB.

Unloading 5 unused Assets to reduce memory usage. Loaded Objects now: 2918.
Total: 2.519000 ms (FindLiveObjects: 0.260000 ms CreateObjectMapping: 0.099800 ms MarkObjects: 2.136700 ms  DeleteObjects: 0.020300 ms)

========================================================================
Received Prepare
Registering precompiled user dll's ...
Registered in 0.001562 seconds.
Begin MonoManager ReloadAssembly
Native extension for WindowsStandalone target not found
Native extension for WebGL target not found
Refreshing native plugins compatible for Editor in 0.48 ms, found 0 plugins.
Preloading 0 native plugins for Editor in 0.00 ms.
Invoked RoslynAnalysisRunner static constructor.
RoslynAnalysisRunner will not be running.
RoslynAnalysisRunner has terminated.
Mono: successfully reloaded assembly
- Completed reload, in  1.221 seconds
Platform modules already initialized, skipping
Shader 'Universal Render Pipeline/Particles/Lit': fallback shader 'Universal Render Pipeline/Particles/SimpleLit' not found
Refreshing native plugins compatible for Editor in 0.49 ms, found 0 plugins.
Preloading 0 native plugins for Editor in 0.00 ms.
Unloading 2343 Unused Serialized files (Serialized files now loaded: 0)
System memory in use before: 183.6 MB.
System memory in use after: 183.8 MB.

Unloading 5 unused Assets to reduce memory usage. Loaded Objects now: 2920.
Total: 2.922700 ms (FindLiveObjects: 0.353100 ms CreateObjectMapping: 0.110000 ms MarkObjects: 2.437700 ms  DeleteObjects: 0.019300 ms)

========================================================================
Received Prepare
Registering precompiled user dll's ...
Registered in 0.001634 seconds.
Begin MonoManager ReloadAssembly
Native extension for WindowsStandalone target not found
Native extension for WebGL target not found
Refreshing native plugins compatible for Editor in 0.73 ms, found 0 plugins.
Preloading 0 native plugins for Editor in 0.00 ms.
Invoked RoslynAnalysisRunner static constructor.
RoslynAnalysisRunner will not be running.
RoslynAnalysisRunner has terminated.
Mono: successfully reloaded assembly
- Completed reload, in  1.180 seconds
Platform modules already initialized, skipping
Shader 'Universal Render Pipeline/Particles/Lit': fallback shader 'Universal Render Pipeline/Particles/SimpleLit' not found
Refreshing native plugins compatible for Editor in 0.48 ms, found 0 plugins.
Preloading 0 native plugins for Editor in 0.00 ms.
Unloading 2343 Unused Serialized files (Serialized files now loaded: 0)
System memory in use before: 183.6 MB.
System memory in use after: 183.8 MB.

Unloading 5 unused Assets to reduce memory usage. Loaded Objects now: 2922.
Total: 4.793800 ms (FindLiveObjects: 0.317400 ms CreateObjectMapping: 0.128100 ms MarkObjects: 4.268300 ms  DeleteObjects: 0.075600 ms)

========================================================================
Received Import Request.
  Time since last request: 788.053504 seconds.
  path: Assets/PaintSplashHolder.prefab
  artifactKey: Guid(da14d7c9918b83f47b517f0663d78537) Importer(815301076,1909f56bfc062723c751e8b465ee728b)
Start importing Assets/PaintSplashHolder.prefab using Guid(da14d7c9918b83f47b517f0663d78537) Importer(815301076,1909f56bfc062723c751e8b465ee728b)  -> (artifact id: '33fc197894d0eb0d2ce8384345dec7b3') in 0.069209 seconds
  Import took 0.076597 seconds .

========================================================================
Received Import Request.
  Time since last request: 0.019770 seconds.
  path: Assets/PaintSplashHolder.prefab
  artifactKey: Guid(da14d7c9918b83f47b517f0663d78537) Importer(815301076,1909f56bfc062723c751e8b465ee728b)
Start importing Assets/PaintSplashHolder.prefab using Guid(da14d7c9918b83f47b517f0663d78537) Importer(815301076,1909f56bfc062723c751e8b465ee728b)  -> (artifact id: '33fc197894d0eb0d2ce8384345dec7b3') in 0.006649 seconds
  Import took 0.012548 seconds .

========================================================================
Received Prepare
Registering precompiled user dll's ...
Registered in 0.001757 seconds.
Begin MonoManager ReloadAssembly
Native extension for WindowsStandalone target not found
Native extension for WebGL target not found
Refreshing native plugins compatible for Editor in 0.52 ms, found 0 plugins.
Preloading 0 native plugins for Editor in 0.00 ms.
Invoked RoslynAnalysisRunner static constructor.
RoslynAnalysisRunner will not be running.
RoslynAnalysisRunner has terminated.
Mono: successfully reloaded assembly
- Completed reload, in  1.284 seconds
Platform modules already initialized, skipping
Shader 'Universal Render Pipeline/Particles/Lit': fallback shader 'Universal Render Pipeline/Particles/SimpleLit' not found
Refreshing native plugins compatible for Editor in 0.56 ms, found 0 plugins.
Preloading 0 native plugins for Editor in 0.00 ms.
Unloading 2343 Unused Serialized files (Serialized files now loaded: 0)
System memory in use before: 183.6 MB.
System memory in use after: 183.8 MB.

Unloading 5 unused Assets to reduce memory usage. Loaded Objects now: 2924.
Total: 2.600100 ms (FindLiveObjects: 0.241000 ms CreateObjectMapping: 0.095000 ms MarkObjects: 2.178800 ms  DeleteObjects: 0.083500 ms)

========================================================================
Received Prepare
Registering precompiled user dll's ...
Registered in 0.003246 seconds.
Begin MonoManager ReloadAssembly
Native extension for WindowsStandalone target not found
Native extension for WebGL target not found
Refreshing native plugins compatible for Editor in 0.48 ms, found 0 plugins.
Preloading 0 native plugins for Editor in 0.00 ms.
Invoked RoslynAnalysisRunner static constructor.
RoslynAnalysisRunner will not be running.
RoslynAnalysisRunner has terminated.
Mono: successfully reloaded assembly
- Completed reload, in  1.233 seconds
Platform modules already initialized, skipping
Shader 'Universal Render Pipeline/Particles/Lit': fallback shader 'Universal Render Pipeline/Particles/SimpleLit' not found
Refreshing native plugins compatible for Editor in 0.53 ms, found 0 plugins.
Preloading 0 native plugins for Editor in 0.00 ms.
Unloading 2343 Unused Serialized files (Serialized files now loaded: 0)
System memory in use before: 183.7 MB.
System memory in use after: 183.9 MB.

Unloading 5 unused Assets to reduce memory usage. Loaded Objects now: 2926.
Total: 5.820700 ms (FindLiveObjects: 1.130500 ms CreateObjectMapping: 0.471200 ms MarkObjects: 4.190700 ms  DeleteObjects: 0.026300 ms)

========================================================================
Received Prepare
Registering precompiled user dll's ...
Registered in 0.002041 seconds.
Begin MonoManager ReloadAssembly
Native extension for WindowsStandalone target not found
Native extension for WebGL target not found
Refreshing native plugins compatible for Editor in 1.41 ms, found 0 plugins.
Preloading 0 native plugins for Editor in 0.00 ms.
Invoked RoslynAnalysisRunner static constructor.
RoslynAnalysisRunner will not be running.
RoslynAnalysisRunner has terminated.
Mono: successfully reloaded assembly
- Completed reload, in  2.331 seconds
Platform modules already initialized, skipping
Shader 'Universal Render Pipeline/Particles/Lit': fallback shader 'Universal Render Pipeline/Particles/SimpleLit' not found
Refreshing native plugins compatible for Editor in 0.52 ms, found 0 plugins.
Preloading 0 native plugins for Editor in 0.00 ms.
Unloading 2343 Unused Serialized files (Serialized files now loaded: 0)
System memory in use before: 183.7 MB.
System memory in use after: 183.9 MB.

Unloading 5 unused Assets to reduce memory usage. Loaded Objects now: 2928.
Total: 32.441500 ms (FindLiveObjects: 27.200900 ms CreateObjectMapping: 0.261000 ms MarkObjects: 4.958300 ms  DeleteObjects: 0.019400 ms)

========================================================================
Received Prepare
Registering precompiled user dll's ...
Registered in 0.003322 seconds.
Begin MonoManager ReloadAssembly
Native extension for WindowsStandalone target not found
Native extension for WebGL target not found
Refreshing native plugins compatible for Editor in 0.51 ms, found 0 plugins.
Preloading 0 native plugins for Editor in 0.00 ms.
Invoked RoslynAnalysisRunner static constructor.
RoslynAnalysisRunner will not be running.
RoslynAnalysisRunner has terminated.
Mono: successfully reloaded assembly
- Completed reload, in  1.301 seconds
Platform modules already initialized, skipping
Shader 'Universal Render Pipeline/Particles/Lit': fallback shader 'Universal Render Pipeline/Particles/SimpleLit' not found
Refreshing native plugins compatible for Editor in 0.67 ms, found 0 plugins.
Preloading 0 native plugins for Editor in 0.00 ms.
Unloading 2343 Unused Serialized files (Serialized files now loaded: 0)
System memory in use before: 183.7 MB.
System memory in use after: 183.9 MB.

Unloading 5 unused Assets to reduce memory usage. Loaded Objects now: 2930.
Total: 2.938100 ms (FindLiveObjects: 0.271200 ms CreateObjectMapping: 0.099300 ms MarkObjects: 2.542200 ms  DeleteObjects: 0.023700 ms)

========================================================================
Received Prepare
Registering precompiled user dll's ...
Registered in 0.001949 seconds.
Begin MonoManager ReloadAssembly
Native extension for WindowsStandalone target not found
Native extension for WebGL target not found
Refreshing native plugins compatible for Editor in 0.92 ms, found 0 plugins.
Preloading 0 native plugins for Editor in 0.00 ms.
Invoked RoslynAnalysisRunner static constructor.
RoslynAnalysisRunner will not be running.
RoslynAnalysisRunner has terminated.
Mono: successfully reloaded assembly
- Completed reload, in  1.292 seconds
Platform modules already initialized, skipping
Shader 'Universal Render Pipeline/Particles/Lit': fallback shader 'Universal Render Pipeline/Particles/SimpleLit' not found
Refreshing native plugins compatible for Editor in 0.46 ms, found 0 plugins.
Preloading 0 native plugins for Editor in 0.00 ms.
Unloading 2343 Unused Serialized files (Serialized files now loaded: 0)
System memory in use before: 183.7 MB.
System memory in use after: 183.9 MB.

Unloading 5 unused Assets to reduce memory usage. Loaded Objects now: 2932.
Total: 4.139700 ms (FindLiveObjects: 0.291500 ms CreateObjectMapping: 0.114800 ms MarkObjects: 3.699100 ms  DeleteObjects: 0.031700 ms)

========================================================================
Received Prepare
Registering precompiled user dll's ...
Registered in 0.010201 seconds.
Begin MonoManager ReloadAssembly
Native extension for WindowsStandalone target not found
Native extension for WebGL target not found
Refreshing native plugins compatible for Editor in 0.49 ms, found 0 plugins.
Preloading 0 native plugins for Editor in 0.00 ms.
Invoked RoslynAnalysisRunner static constructor.
RoslynAnalysisRunner will not be running.
RoslynAnalysisRunner has terminated.
Mono: successfully reloaded assembly
- Completed reload, in  1.205 seconds
Platform modules already initialized, skipping
Shader 'Universal Render Pipeline/Particles/Lit': fallback shader 'Universal Render Pipeline/Particles/SimpleLit' not found
Refreshing native plugins compatible for Editor in 0.76 ms, found 0 plugins.
Preloading 0 native plugins for Editor in 0.00 ms.
Unloading 2343 Unused Serialized files (Serialized files now loaded: 0)
System memory in use before: 183.6 MB.
System memory in use after: 183.8 MB.

Unloading 5 unused Assets to reduce memory usage. Loaded Objects now: 2934.
Total: 2.410200 ms (FindLiveObjects: 0.257800 ms CreateObjectMapping: 0.105500 ms MarkObjects: 2.027200 ms  DeleteObjects: 0.017900 ms)

========================================================================
Received Prepare
Registering precompiled user dll's ...
Registered in 0.002809 seconds.
Begin MonoManager ReloadAssembly
Native extension for WindowsStandalone target not found
Native extension for WebGL target not found
Refreshing native plugins compatible for Editor in 0.52 ms, found 0 plugins.
Preloading 0 native plugins for Editor in 0.00 ms.
Invoked RoslynAnalysisRunner static constructor.
RoslynAnalysisRunner will not be running.
RoslynAnalysisRunner has terminated.
Mono: successfully reloaded assembly
- Completed reload, in  1.220 seconds
Platform modules already initialized, skipping
Shader 'Universal Render Pipeline/Particles/Lit': fallback shader 'Universal Render Pipeline/Particles/SimpleLit' not found
Refreshing native plugins compatible for Editor in 0.52 ms, found 0 plugins.
Preloading 0 native plugins for Editor in 0.00 ms.
Unloading 2343 Unused Serialized files (Serialized files now loaded: 0)
System memory in use before: 183.7 MB.
System memory in use after: 183.9 MB.

Unloading 5 unused Assets to reduce memory usage. Loaded Objects now: 2936.
Total: 4.239700 ms (FindLiveObjects: 0.284900 ms CreateObjectMapping: 0.108800 ms MarkObjects: 3.783800 ms  DeleteObjects: 0.058600 ms)

========================================================================
Received Prepare
Registering precompiled user dll's ...
Registered in 0.001807 seconds.
Begin MonoManager ReloadAssembly
Native extension for WindowsStandalone target not found
Native extension for WebGL target not found
Refreshing native plugins compatible for Editor in 0.48 ms, found 0 plugins.
Preloading 0 native plugins for Editor in 0.00 ms.
Invoked RoslynAnalysisRunner static constructor.
RoslynAnalysisRunner will not be running.
RoslynAnalysisRunner has terminated.
Mono: successfully reloaded assembly
- Completed reload, in  1.187 seconds
Platform modules already initialized, skipping
Shader 'Universal Render Pipeline/Particles/Lit': fallback shader 'Universal Render Pipeline/Particles/SimpleLit' not found
Refreshing native plugins compatible for Editor in 0.47 ms, found 0 plugins.
Preloading 0 native plugins for Editor in 0.00 ms.
Unloading 2343 Unused Serialized files (Serialized files now loaded: 0)
System memory in use before: 183.7 MB.
System memory in use after: 183.9 MB.

Unloading 5 unused Assets to reduce memory usage. Loaded Objects now: 2938.
Total: 2.391100 ms (FindLiveObjects: 0.266700 ms CreateObjectMapping: 0.101900 ms MarkObjects: 1.998700 ms  DeleteObjects: 0.022400 ms)

========================================================================
Received Prepare
Registering precompiled user dll's ...
Registered in 0.002028 seconds.
Begin MonoManager ReloadAssembly
Native extension for WindowsStandalone target not found
Native extension for WebGL target not found
Refreshing native plugins compatible for Editor in 0.51 ms, found 0 plugins.
Preloading 0 native plugins for Editor in 0.00 ms.
Invoked RoslynAnalysisRunner static constructor.
RoslynAnalysisRunner will not be running.
RoslynAnalysisRunner has terminated.
Mono: successfully reloaded assembly
- Completed reload, in  1.215 seconds
Platform modules already initialized, skipping
Shader 'Universal Render Pipeline/Particles/Lit': fallback shader 'Universal Render Pipeline/Particles/SimpleLit' not found
Refreshing native plugins compatible for Editor in 0.48 ms, found 0 plugins.
Preloading 0 native plugins for Editor in 0.00 ms.
Unloading 2343 Unused Serialized files (Serialized files now loaded: 0)
System memory in use before: 183.7 MB.
System memory in use after: 183.9 MB.

Unloading 5 unused Assets to reduce memory usage. Loaded Objects now: 2940.
Total: 2.977700 ms (FindLiveObjects: 0.274100 ms CreateObjectMapping: 0.101700 ms MarkObjects: 2.575400 ms  DeleteObjects: 0.024300 ms)

========================================================================
Received Prepare
Registering precompiled user dll's ...
Registered in 0.011600 seconds.
Begin MonoManager ReloadAssembly
Native extension for WindowsStandalone target not found
Native extension for WebGL target not found
Refreshing native plugins compatible for Editor in 0.47 ms, found 0 plugins.
Preloading 0 native plugins for Editor in 0.00 ms.
Invoked RoslynAnalysisRunner static constructor.
RoslynAnalysisRunner will not be running.
RoslynAnalysisRunner has terminated.
Mono: successfully reloaded assembly
- Completed reload, in  1.686 seconds
Platform modules already initialized, skipping
Shader 'Universal Render Pipeline/Particles/Lit': fallback shader 'Universal Render Pipeline/Particles/SimpleLit' not found
Refreshing native plugins compatible for Editor in 0.49 ms, found 0 plugins.
Preloading 0 native plugins for Editor in 0.00 ms.
Unloading 2343 Unused Serialized files (Serialized files now loaded: 0)
System memory in use before: 183.7 MB.
System memory in use after: 183.9 MB.

Unloading 5 unused Assets to reduce memory usage. Loaded Objects now: 2942.
Total: 2.519500 ms (FindLiveObjects: 0.295900 ms CreateObjectMapping: 0.111300 ms MarkObjects: 2.088600 ms  DeleteObjects: 0.021800 ms)

========================================================================
Received Prepare
Registering precompiled user dll's ...
Registered in 0.002265 seconds.
Begin MonoManager ReloadAssembly
Native extension for WindowsStandalone target not found
Native extension for WebGL target not found
Refreshing native plugins compatible for Editor in 0.51 ms, found 0 plugins.
Preloading 0 native plugins for Editor in 0.00 ms.
Invoked RoslynAnalysisRunner static constructor.
RoslynAnalysisRunner will not be running.
RoslynAnalysisRunner has terminated.
Mono: successfully reloaded assembly
- Completed reload, in  1.458 seconds
Platform modules already initialized, skipping
Shader 'Universal Render Pipeline/Particles/Lit': fallback shader 'Universal Render Pipeline/Particles/SimpleLit' not found
Refreshing native plugins compatible for Editor in 0.52 ms, found 0 plugins.
Preloading 0 native plugins for Editor in 0.00 ms.
Unloading 2343 Unused Serialized files (Serialized files now loaded: 0)
System memory in use before: 183.6 MB.
System memory in use after: 183.8 MB.

Unloading 5 unused Assets to reduce memory usage. Loaded Objects now: 2944.
Total: 2.808400 ms (FindLiveObjects: 0.313200 ms CreateObjectMapping: 0.109800 ms MarkObjects: 2.363500 ms  DeleteObjects: 0.019800 ms)

========================================================================
Received Prepare
Registering precompiled user dll's ...
Registered in 0.001725 seconds.
Begin MonoManager ReloadAssembly
Native extension for WindowsStandalone target not found
Native extension for WebGL target not found
Refreshing native plugins compatible for Editor in 0.49 ms, found 0 plugins.
Preloading 0 native plugins for Editor in 0.00 ms.
Invoked RoslynAnalysisRunner static constructor.
RoslynAnalysisRunner will not be running.
RoslynAnalysisRunner has terminated.
Mono: successfully reloaded assembly
- Completed reload, in  1.312 seconds
Platform modules already initialized, skipping
Shader 'Universal Render Pipeline/Particles/Lit': fallback shader 'Universal Render Pipeline/Particles/SimpleLit' not found
Refreshing native plugins compatible for Editor in 0.65 ms, found 0 plugins.
Preloading 0 native plugins for Editor in 0.00 ms.
Unloading 2343 Unused Serialized files (Serialized files now loaded: 0)
System memory in use before: 183.7 MB.
System memory in use after: 183.9 MB.

Unloading 5 unused Assets to reduce memory usage. Loaded Objects now: 2946.
Total: 2.424800 ms (FindLiveObjects: 0.256900 ms CreateObjectMapping: 0.099100 ms MarkObjects: 2.044900 ms  DeleteObjects: 0.021900 ms)

========================================================================
Received Prepare
Registering precompiled user dll's ...
Registered in 0.001898 seconds.
Begin MonoManager ReloadAssembly
Native extension for WindowsStandalone target not found
Native extension for WebGL target not found
Refreshing native plugins compatible for Editor in 0.53 ms, found 0 plugins.
Preloading 0 native plugins for Editor in 0.00 ms.
Invoked RoslynAnalysisRunner static constructor.
RoslynAnalysisRunner will not be running.
RoslynAnalysisRunner has terminated.
Mono: successfully reloaded assembly
- Completed reload, in  1.212 seconds
Platform modules already initialized, skipping
Shader 'Universal Render Pipeline/Particles/Lit': fallback shader 'Universal Render Pipeline/Particles/SimpleLit' not found
Refreshing native plugins compatible for Editor in 0.51 ms, found 0 plugins.
Preloading 0 native plugins for Editor in 0.00 ms.
Unloading 2343 Unused Serialized files (Serialized files now loaded: 0)
System memory in use before: 183.7 MB.
System memory in use after: 184.0 MB.

Unloading 5 unused Assets to reduce memory usage. Loaded Objects now: 2948.
Total: 2.655900 ms (FindLiveObjects: 0.279600 ms CreateObjectMapping: 0.150500 ms MarkObjects: 2.200900 ms  DeleteObjects: 0.022900 ms)

========================================================================
Received Prepare
Registering precompiled user dll's ...
Registered in 0.001626 seconds.
Begin MonoManager ReloadAssembly
Native extension for WindowsStandalone target not found
Native extension for WebGL target not found
Refreshing native plugins compatible for Editor in 0.53 ms, found 0 plugins.
Preloading 0 native plugins for Editor in 0.00 ms.
Invoked RoslynAnalysisRunner static constructor.
RoslynAnalysisRunner will not be running.
RoslynAnalysisRunner has terminated.
Mono: successfully reloaded assembly
- Completed reload, in  1.242 seconds
Platform modules already initialized, skipping
Shader 'Universal Render Pipeline/Particles/Lit': fallback shader 'Universal Render Pipeline/Particles/SimpleLit' not found
Refreshing native plugins compatible for Editor in 0.48 ms, found 0 plugins.
Preloading 0 native plugins for Editor in 0.00 ms.
Unloading 2343 Unused Serialized files (Serialized files now loaded: 0)
System memory in use before: 183.7 MB.
System memory in use after: 184.0 MB.

Unloading 5 unused Assets to reduce memory usage. Loaded Objects now: 2950.
Total: 3.493100 ms (FindLiveObjects: 0.319400 ms CreateObjectMapping: 0.126900 ms MarkObjects: 3.018500 ms  DeleteObjects: 0.025900 ms)

========================================================================
Received Prepare
Registering precompiled user dll's ...
Registered in 0.002465 seconds.
Begin MonoManager ReloadAssembly
Native extension for WindowsStandalone target not found
Native extension for WebGL target not found
Refreshing native plugins compatible for Editor in 0.56 ms, found 0 plugins.
Preloading 0 native plugins for Editor in 0.00 ms.
Invoked RoslynAnalysisRunner static constructor.
RoslynAnalysisRunner will not be running.
RoslynAnalysisRunner has terminated.
Mono: successfully reloaded assembly
- Completed reload, in  1.426 seconds
Platform modules already initialized, skipping
Shader 'Universal Render Pipeline/Particles/Lit': fallback shader 'Universal Render Pipeline/Particles/SimpleLit' not found
Refreshing native plugins compatible for Editor in 0.51 ms, found 0 plugins.
Preloading 0 native plugins for Editor in 0.00 ms.
Unloading 2343 Unused Serialized files (Serialized files now loaded: 0)
System memory in use before: 183.7 MB.
System memory in use after: 184.0 MB.

Unloading 5 unused Assets to reduce memory usage. Loaded Objects now: 2952.
Total: 4.336200 ms (FindLiveObjects: 0.278600 ms CreateObjectMapping: 0.251600 ms MarkObjects: 3.784100 ms  DeleteObjects: 0.020000 ms)

========================================================================
Received Import Request.
  Time since last request: 1100.453700 seconds.
  path: Assets/PaintSplashHolder.prefab
  artifactKey: Guid(da14d7c9918b83f47b517f0663d78537) Importer(815301076,1909f56bfc062723c751e8b465ee728b)
Start importing Assets/PaintSplashHolder.prefab using Guid(da14d7c9918b83f47b517f0663d78537) Importer(815301076,1909f56bfc062723c751e8b465ee728b)  -> (artifact id: '3090e754e11a64847d08e409c5bca5c2') in 0.501607 seconds
  Import took 0.509710 seconds .

========================================================================
Received Prepare
Registering precompiled user dll's ...
Registered in 0.007887 seconds.
Begin MonoManager ReloadAssembly
Native extension for WindowsStandalone target not found
Native extension for WebGL target not found
Refreshing native plugins compatible for Editor in 0.48 ms, found 0 plugins.
Preloading 0 native plugins for Editor in 0.00 ms.
Invoked RoslynAnalysisRunner static constructor.
RoslynAnalysisRunner will not be running.
RoslynAnalysisRunner has terminated.
Mono: successfully reloaded assembly
- Completed reload, in  1.401 seconds
Platform modules already initialized, skipping
Shader 'Universal Render Pipeline/Particles/Lit': fallback shader 'Universal Render Pipeline/Particles/SimpleLit' not found
Refreshing native plugins compatible for Editor in 0.47 ms, found 0 plugins.
Preloading 0 native plugins for Editor in 0.00 ms.
Unloading 2343 Unused Serialized files (Serialized files now loaded: 0)
System memory in use before: 185.8 MB.
System memory in use after: 186.0 MB.

Unloading 5 unused Assets to reduce memory usage. Loaded Objects now: 2997.
Total: 5.079900 ms (FindLiveObjects: 0.699200 ms CreateObjectMapping: 0.592100 ms MarkObjects: 3.760700 ms  DeleteObjects: 0.025400 ms)

========================================================================
Received Prepare
Registering precompiled user dll's ...
Registered in 0.008459 seconds.
Begin MonoManager ReloadAssembly
Native extension for WindowsStandalone target not found
Native extension for WebGL target not found
Refreshing native plugins compatible for Editor in 0.61 ms, found 0 plugins.
Preloading 0 native plugins for Editor in 0.00 ms.
Invoked RoslynAnalysisRunner static constructor.
RoslynAnalysisRunner will not be running.
RoslynAnalysisRunner has terminated.
Mono: successfully reloaded assembly
- Completed reload, in  1.474 seconds
Platform modules already initialized, skipping
Shader 'Universal Render Pipeline/Particles/Lit': fallback shader 'Universal Render Pipeline/Particles/SimpleLit' not found
Refreshing native plugins compatible for Editor in 0.49 ms, found 0 plugins.
Preloading 0 native plugins for Editor in 0.00 ms.
Unloading 2343 Unused Serialized files (Serialized files now loaded: 0)
System memory in use before: 186.0 MB.
System memory in use after: 186.2 MB.

Unloading 5 unused Assets to reduce memory usage. Loaded Objects now: 2999.
Total: 2.529900 ms (FindLiveObjects: 0.262100 ms CreateObjectMapping: 0.104000 ms MarkObjects: 2.144400 ms  DeleteObjects: 0.017900 ms)

========================================================================
Received Prepare
Registering precompiled user dll's ...
Registered in 0.001741 seconds.
Begin MonoManager ReloadAssembly
Native extension for WindowsStandalone target not found
Native extension for WebGL target not found
Refreshing native plugins compatible for Editor in 0.76 ms, found 0 plugins.
Preloading 0 native plugins for Editor in 0.00 ms.
Invoked RoslynAnalysisRunner static constructor.
RoslynAnalysisRunner will not be running.
RoslynAnalysisRunner has terminated.
Mono: successfully reloaded assembly
- Completed reload, in  1.314 seconds
Platform modules already initialized, skipping
Shader 'Universal Render Pipeline/Particles/Lit': fallback shader 'Universal Render Pipeline/Particles/SimpleLit' not found
Refreshing native plugins compatible for Editor in 0.56 ms, found 0 plugins.
Preloading 0 native plugins for Editor in 0.00 ms.
Unloading 2343 Unused Serialized files (Serialized files now loaded: 0)
System memory in use before: 186.0 MB.
System memory in use after: 186.2 MB.

Unloading 5 unused Assets to reduce memory usage. Loaded Objects now: 3001.
Total: 3.180900 ms (FindLiveObjects: 0.441500 ms CreateObjectMapping: 0.188900 ms MarkObjects: 2.525300 ms  DeleteObjects: 0.023400 ms)

========================================================================
Received Prepare
Registering precompiled user dll's ...
Registered in 0.001631 seconds.
Begin MonoManager ReloadAssembly
Native extension for WindowsStandalone target not found
Native extension for WebGL target not found
Refreshing native plugins compatible for Editor in 0.48 ms, found 0 plugins.
Preloading 0 native plugins for Editor in 0.00 ms.
Invoked RoslynAnalysisRunner static constructor.
RoslynAnalysisRunner will not be running.
RoslynAnalysisRunner has terminated.
Mono: successfully reloaded assembly
- Completed reload, in  1.299 seconds
Platform modules already initialized, skipping
Shader 'Universal Render Pipeline/Particles/Lit': fallback shader 'Universal Render Pipeline/Particles/SimpleLit' not found
Refreshing native plugins compatible for Editor in 0.52 ms, found 0 plugins.
Preloading 0 native plugins for Editor in 0.00 ms.
Unloading 2343 Unused Serialized files (Serialized files now loaded: 0)
System memory in use before: 186.0 MB.
System memory in use after: 186.2 MB.

Unloading 5 unused Assets to reduce memory usage. Loaded Objects now: 3003.
Total: 3.212500 ms (FindLiveObjects: 0.261400 ms CreateObjectMapping: 0.096300 ms MarkObjects: 2.835000 ms  DeleteObjects: 0.017800 ms)

========================================================================
Received Prepare
Registering precompiled user dll's ...
Registered in 0.007255 seconds.
Begin MonoManager ReloadAssembly
Native extension for WindowsStandalone target not found
Native extension for WebGL target not found
Refreshing native plugins compatible for Editor in 0.77 ms, found 0 plugins.
Preloading 0 native plugins for Editor in 0.00 ms.
Invoked RoslynAnalysisRunner static constructor.
RoslynAnalysisRunner will not be running.
RoslynAnalysisRunner has terminated.
Mono: successfully reloaded assembly
- Completed reload, in  1.421 seconds
Platform modules already initialized, skipping
Shader 'Universal Render Pipeline/Particles/Lit': fallback shader 'Universal Render Pipeline/Particles/SimpleLit' not found
Refreshing native plugins compatible for Editor in 0.51 ms, found 0 plugins.
Preloading 0 native plugins for Editor in 0.00 ms.
Unloading 2343 Unused Serialized files (Serialized files now loaded: 0)
System memory in use before: 186.0 MB.
System memory in use after: 186.2 MB.

Unloading 5 unused Assets to reduce memory usage. Loaded Objects now: 3005.
Total: 2.575700 ms (FindLiveObjects: 0.267900 ms CreateObjectMapping: 0.101300 ms MarkObjects: 2.184200 ms  DeleteObjects: 0.020700 ms)

========================================================================
Received Prepare
Registering precompiled user dll's ...
Registered in 0.003322 seconds.
Begin MonoManager ReloadAssembly
Native extension for WindowsStandalone target not found
Native extension for WebGL target not found
Refreshing native plugins compatible for Editor in 0.58 ms, found 0 plugins.
Preloading 0 native plugins for Editor in 0.00 ms.
Invoked RoslynAnalysisRunner static constructor.
RoslynAnalysisRunner will not be running.
RoslynAnalysisRunner has terminated.
Mono: successfully reloaded assembly
- Completed reload, in  1.291 seconds
Platform modules already initialized, skipping
Shader 'Universal Render Pipeline/Particles/Lit': fallback shader 'Universal Render Pipeline/Particles/SimpleLit' not found
Refreshing native plugins compatible for Editor in 0.58 ms, found 0 plugins.
Preloading 0 native plugins for Editor in 0.00 ms.
Unloading 2343 Unused Serialized files (Serialized files now loaded: 0)
System memory in use before: 185.9 MB.
System memory in use after: 186.1 MB.

Unloading 5 unused Assets to reduce memory usage. Loaded Objects now: 3007.
Total: 3.223900 ms (FindLiveObjects: 0.336100 ms CreateObjectMapping: 0.138700 ms MarkObjects: 2.720100 ms  DeleteObjects: 0.026800 ms)

========================================================================
Received Prepare
Registering precompiled user dll's ...
Registered in 0.001993 seconds.
Begin MonoManager ReloadAssembly
Native extension for WindowsStandalone target not found
Native extension for WebGL target not found
Refreshing native plugins compatible for Editor in 0.48 ms, found 0 plugins.
Preloading 0 native plugins for Editor in 0.00 ms.
Invoked RoslynAnalysisRunner static constructor.
RoslynAnalysisRunner will not be running.
RoslynAnalysisRunner has terminated.
Mono: successfully reloaded assembly
- Completed reload, in  1.198 seconds
Platform modules already initialized, skipping
Shader 'Universal Render Pipeline/Particles/Lit': fallback shader 'Universal Render Pipeline/Particles/SimpleLit' not found
Refreshing native plugins compatible for Editor in 0.57 ms, found 0 plugins.
Preloading 0 native plugins for Editor in 0.00 ms.
Unloading 2343 Unused Serialized files (Serialized files now loaded: 0)
System memory in use before: 186.0 MB.
System memory in use after: 186.2 MB.

Unloading 5 unused Assets to reduce memory usage. Loaded Objects now: 3009.
Total: 3.487200 ms (FindLiveObjects: 0.322600 ms CreateObjectMapping: 0.169600 ms MarkObjects: 2.958500 ms  DeleteObjects: 0.034100 ms)

========================================================================
Received Import Request.
  Time since last request: 1717.748349 seconds.
  path: Assets/PaintSplashHolder.prefab
  artifactKey: Guid(da14d7c9918b83f47b517f0663d78537) Importer(815301076,1909f56bfc062723c751e8b465ee728b)
Start importing Assets/PaintSplashHolder.prefab using Guid(da14d7c9918b83f47b517f0663d78537) Importer(815301076,1909f56bfc062723c751e8b465ee728b)  -> (artifact id: 'd666e2ad3c4c415867b8fef0468bd423') in 0.312192 seconds
  Import took 0.318968 seconds .

========================================================================
Received Import Request.
  Time since last request: 2.695594 seconds.
  path: Assets/PaintSplashHolder.prefab
  artifactKey: Guid(da14d7c9918b83f47b517f0663d78537) Importer(815301076,1909f56bfc062723c751e8b465ee728b)
Start importing Assets/PaintSplashHolder.prefab using Guid(da14d7c9918b83f47b517f0663d78537) Importer(815301076,1909f56bfc062723c751e8b465ee728b)  -> (artifact id: 'd666e2ad3c4c415867b8fef0468bd423') in 0.013810 seconds
  Import took 0.018966 seconds .

========================================================================
Received Prepare
Registering precompiled user dll's ...
Registered in 0.008001 seconds.
Begin MonoManager ReloadAssembly
Native extension for WindowsStandalone target not found
Native extension for WebGL target not found
Refreshing native plugins compatible for Editor in 0.47 ms, found 0 plugins.
Preloading 0 native plugins for Editor in 0.00 ms.
Invoked RoslynAnalysisRunner static constructor.
RoslynAnalysisRunner will not be running.
RoslynAnalysisRunner has terminated.
Mono: successfully reloaded assembly
- Completed reload, in  1.501 seconds
Platform modules already initialized, skipping
Shader 'Universal Render Pipeline/Particles/Lit': fallback shader 'Universal Render Pipeline/Particles/SimpleLit' not found
Refreshing native plugins compatible for Editor in 0.48 ms, found 0 plugins.
Preloading 0 native plugins for Editor in 0.00 ms.
Unloading 2343 Unused Serialized files (Serialized files now loaded: 0)
System memory in use before: 186.1 MB.
System memory in use after: 186.3 MB.

Unloading 5 unused Assets to reduce memory usage. Loaded Objects now: 3047.
Total: 2.891900 ms (FindLiveObjects: 0.337900 ms CreateObjectMapping: 0.184900 ms MarkObjects: 2.346300 ms  DeleteObjects: 0.020900 ms)

========================================================================
Received Prepare
Registering precompiled user dll's ...
Registered in 0.001678 seconds.
Begin MonoManager ReloadAssembly
Native extension for WindowsStandalone target not found
Native extension for WebGL target not found
Refreshing native plugins compatible for Editor in 0.47 ms, found 0 plugins.
Preloading 0 native plugins for Editor in 0.00 ms.
Invoked RoslynAnalysisRunner static constructor.
RoslynAnalysisRunner will not be running.
RoslynAnalysisRunner has terminated.
Mono: successfully reloaded assembly
- Completed reload, in  1.243 seconds
Platform modules already initialized, skipping
Shader 'Universal Render Pipeline/Particles/Lit': fallback shader 'Universal Render Pipeline/Particles/SimpleLit' not found
Refreshing native plugins compatible for Editor in 0.48 ms, found 0 plugins.
Preloading 0 native plugins for Editor in 0.00 ms.
Unloading 2343 Unused Serialized files (Serialized files now loaded: 0)
System memory in use before: 186.1 MB.
System memory in use after: 186.3 MB.

Unloading 5 unused Assets to reduce memory usage. Loaded Objects now: 3049.
Total: 2.542800 ms (FindLiveObjects: 0.268500 ms CreateObjectMapping: 0.101800 ms MarkObjects: 2.148400 ms  DeleteObjects: 0.022300 ms)

========================================================================
Received Prepare
Registering precompiled user dll's ...
Registered in 0.002391 seconds.
Begin MonoManager ReloadAssembly
Native extension for WindowsStandalone target not found
Native extension for WebGL target not found
Refreshing native plugins compatible for Editor in 0.48 ms, found 0 plugins.
Preloading 0 native plugins for Editor in 0.00 ms.
Invoked RoslynAnalysisRunner static constructor.
RoslynAnalysisRunner will not be running.
RoslynAnalysisRunner has terminated.
Mono: successfully reloaded assembly
- Completed reload, in  1.216 seconds
Platform modules already initialized, skipping
Shader 'Universal Render Pipeline/Particles/Lit': fallback shader 'Universal Render Pipeline/Particles/SimpleLit' not found
Refreshing native plugins compatible for Editor in 0.52 ms, found 0 plugins.
Preloading 0 native plugins for Editor in 0.00 ms.
Unloading 2343 Unused Serialized files (Serialized files now loaded: 0)
System memory in use before: 186.1 MB.
System memory in use after: 186.3 MB.

Unloading 5 unused Assets to reduce memory usage. Loaded Objects now: 3051.
Total: 2.669200 ms (FindLiveObjects: 0.309500 ms CreateObjectMapping: 0.103300 ms MarkObjects: 2.233600 ms  DeleteObjects: 0.021200 ms)

========================================================================
Received Import Request.
  Time since last request: 303.383150 seconds.
  path: Assets/Images/paint_splashes/paint_splash0011.png
  artifactKey: Guid(a305194f1ec7a5e4bb26f46824959b22) Importer(815301076,1909f56bfc062723c751e8b465ee728b)
Start importing Assets/Images/paint_splashes/paint_splash0011.png using Guid(a305194f1ec7a5e4bb26f46824959b22) Importer(815301076,1909f56bfc062723c751e8b465ee728b)  -> (artifact id: '813791e89aea4051b813e652161c3ab6') in 0.153404 seconds
  Import took 0.160001 seconds .

========================================================================
Received Import Request.
  Time since last request: 0.000226 seconds.
  path: Assets/Images/paint_splashes/paint_splash0017.png
  artifactKey: Guid(c934a5e55f326804db1be20ed9c116e2) Importer(815301076,1909f56bfc062723c751e8b465ee728b)
Start importing Assets/Images/paint_splashes/paint_splash0017.png using Guid(c934a5e55f326804db1be20ed9c116e2) Importer(815301076,1909f56bfc062723c751e8b465ee728b)  -> (artifact id: '17dd8017bc2284d412f474d071ecb433') in 0.032905 seconds
  Import took 0.039641 seconds .

========================================================================
Received Import Request.
  Time since last request: 0.000209 seconds.
  path: Assets/Images/paint_splashes/paint_splash0010.png
  artifactKey: Guid(ca455b0e7bcb8d4498d60384ba2904dd) Importer(815301076,1909f56bfc062723c751e8b465ee728b)
Start importing Assets/Images/paint_splashes/paint_splash0010.png using Guid(ca455b0e7bcb8d4498d60384ba2904dd) Importer(815301076,1909f56bfc062723c751e8b465ee728b)  -> (artifact id: '59b4f8985215f4482498252123daa748') in 0.011050 seconds
  Import took 0.016733 seconds .

========================================================================
Received Import Request.
  Time since last request: 0.000132 seconds.
  path: Assets/Images/paint_splashes/paint_splash0012.png
  artifactKey: Guid(b8b2713fb13fc704eabc6455e1527ed9) Importer(815301076,1909f56bfc062723c751e8b465ee728b)
Start importing Assets/Images/paint_splashes/paint_splash0012.png using Guid(b8b2713fb13fc704eabc6455e1527ed9) Importer(815301076,1909f56bfc062723c751e8b465ee728b)  -> (artifact id: '985bc641ae72aca4f76a5b83f20c3652') in 0.014401 seconds
  Import took 0.019856 seconds .

========================================================================
Received Import Request.
  Time since last request: 0.000262 seconds.
  path: Assets/Images/paint_splashes/paint_splash0008.png
  artifactKey: Guid(bff42a272a1561f4baf5d7ab06ac71b8) Importer(815301076,1909f56bfc062723c751e8b465ee728b)
Start importing Assets/Images/paint_splashes/paint_splash0008.png using Guid(bff42a272a1561f4baf5d7ab06ac71b8) Importer(815301076,1909f56bfc062723c751e8b465ee728b)  -> (artifact id: '7ef1256699504eabf1d395a491a12974') in 0.016665 seconds
  Import took 0.023185 seconds .

========================================================================
Received Import Request.
  Time since last request: 0.000225 seconds.
  path: Assets/Images/paint_splashes/paint_splash0013.png
  artifactKey: Guid(ea05a6ceccf7cf44bbd17279a8aae4ab) Importer(815301076,1909f56bfc062723c751e8b465ee728b)
Start importing Assets/Images/paint_splashes/paint_splash0013.png using Guid(ea05a6ceccf7cf44bbd17279a8aae4ab) Importer(815301076,1909f56bfc062723c751e8b465ee728b)  -> (artifact id: '6c7cf03875d1ceb62b00c00353edb60f') in 0.017687 seconds
  Import took 0.023772 seconds .

========================================================================
Received Import Request.
  Time since last request: 0.000224 seconds.
  path: Assets/Images/paint_splashes/paint_splash0009.png
  artifactKey: Guid(8566f40cc134efc4aaac953d9f0eda3f) Importer(815301076,1909f56bfc062723c751e8b465ee728b)
Start importing Assets/Images/paint_splashes/paint_splash0009.png using Guid(8566f40cc134efc4aaac953d9f0eda3f) Importer(815301076,1909f56bfc062723c751e8b465ee728b)  -> (artifact id: '0446947d1da075b0b5778c610842c94e') in 0.014516 seconds
  Import took 0.020466 seconds .

========================================================================
Received Import Request.
  Time since last request: 0.000191 seconds.
  path: Assets/Images/paint_splashes/paint_splash0014.png
  artifactKey: Guid(748caf1e898871b41a907fa71258eadb) Importer(815301076,1909f56bfc062723c751e8b465ee728b)
Start importing Assets/Images/paint_splashes/paint_splash0014.png using Guid(748caf1e898871b41a907fa71258eadb) Importer(815301076,1909f56bfc062723c751e8b465ee728b)  -> (artifact id: 'd64e34571e0f2731ef0d88e3d4d56d31') in 0.016494 seconds
  Import took 0.023687 seconds .

========================================================================
Received Import Request.
  Time since last request: 0.000578 seconds.
  path: Assets/Images/paint_splashes/paint_splash0015.png
  artifactKey: Guid(7279f45b657c95041b380d65509d63ca) Importer(815301076,1909f56bfc062723c751e8b465ee728b)
Start importing Assets/Images/paint_splashes/paint_splash0015.png using Guid(7279f45b657c95041b380d65509d63ca) Importer(815301076,1909f56bfc062723c751e8b465ee728b)  -> (artifact id: '115e45b21e2dddffb30a660309d3b862') in 0.013232 seconds
  Import took 0.019316 seconds .

========================================================================
Received Import Request.
  Time since last request: 0.000204 seconds.
  path: Assets/Images/paint_splashes/paint_splash0016.png
  artifactKey: Guid(2fcfa4eaf60074040b0327c23d0c1817) Importer(815301076,1909f56bfc062723c751e8b465ee728b)
Start importing Assets/Images/paint_splashes/paint_splash0016.png using Guid(2fcfa4eaf60074040b0327c23d0c1817) Importer(815301076,1909f56bfc062723c751e8b465ee728b)  -> (artifact id: 'b2452c73f4c653eb405b78b28647feaa') in 0.020319 seconds
  Import took 0.026750 seconds .

========================================================================
Received Prepare
Registering precompiled user dll's ...
Registered in 0.010329 seconds.
Begin MonoManager ReloadAssembly
Native extension for WindowsStandalone target not found
Native extension for WebGL target not found
Refreshing native plugins compatible for Editor in 0.59 ms, found 0 plugins.
Preloading 0 native plugins for Editor in 0.00 ms.
Invoked RoslynAnalysisRunner static constructor.
RoslynAnalysisRunner will not be running.
RoslynAnalysisRunner has terminated.
Mono: successfully reloaded assembly
- Completed reload, in  2.232 seconds
Platform modules already initialized, skipping
Shader 'Universal Render Pipeline/Particles/Lit': fallback shader 'Universal Render Pipeline/Particles/SimpleLit' not found
Refreshing native plugins compatible for Editor in 0.55 ms, found 0 plugins.
Preloading 0 native plugins for Editor in 0.00 ms.
Unloading 2343 Unused Serialized files (Serialized files now loaded: 0)
System memory in use before: 186.0 MB.
System memory in use after: 186.3 MB.

Unloading 5 unused Assets to reduce memory usage. Loaded Objects now: 3054.
Total: 3.206600 ms (FindLiveObjects: 0.387800 ms CreateObjectMapping: 0.133500 ms MarkObjects: 2.659300 ms  DeleteObjects: 0.024100 ms)

========================================================================
Received Prepare
Registering precompiled user dll's ...
Registered in 0.001826 seconds.
Begin MonoManager ReloadAssembly
Native extension for WindowsStandalone target not found
Native extension for WebGL target not found
Refreshing native plugins compatible for Editor in 0.61 ms, found 0 plugins.
Preloading 0 native plugins for Editor in 0.00 ms.
Invoked RoslynAnalysisRunner static constructor.
RoslynAnalysisRunner will not be running.
RoslynAnalysisRunner has terminated.
Mono: successfully reloaded assembly
- Completed reload, in  1.275 seconds
Platform modules already initialized, skipping
Shader 'Universal Render Pipeline/Particles/Lit': fallback shader 'Universal Render Pipeline/Particles/SimpleLit' not found
Refreshing native plugins compatible for Editor in 0.53 ms, found 0 plugins.
Preloading 0 native plugins for Editor in 0.00 ms.
Unloading 2343 Unused Serialized files (Serialized files now loaded: 0)
System memory in use before: 186.1 MB.
System memory in use after: 186.4 MB.

Unloading 5 unused Assets to reduce memory usage. Loaded Objects now: 3056.
Total: 2.618800 ms (FindLiveObjects: 0.273100 ms CreateObjectMapping: 0.097300 ms MarkObjects: 2.225400 ms  DeleteObjects: 0.021200 ms)

========================================================================
Received Prepare
Registering precompiled user dll's ...
Registered in 0.002918 seconds.
Begin MonoManager ReloadAssembly
Native extension for WindowsStandalone target not found
Native extension for WebGL target not found
Refreshing native plugins compatible for Editor in 0.48 ms, found 0 plugins.
Preloading 0 native plugins for Editor in 0.00 ms.
Invoked RoslynAnalysisRunner static constructor.
RoslynAnalysisRunner will not be running.
RoslynAnalysisRunner has terminated.
Mono: successfully reloaded assembly
- Completed reload, in  1.208 seconds
Platform modules already initialized, skipping
Shader 'Universal Render Pipeline/Particles/Lit': fallback shader 'Universal Render Pipeline/Particles/SimpleLit' not found
Refreshing native plugins compatible for Editor in 0.51 ms, found 0 plugins.
Preloading 0 native plugins for Editor in 0.00 ms.
Unloading 2343 Unused Serialized files (Serialized files now loaded: 0)
System memory in use before: 186.2 MB.
System memory in use after: 186.4 MB.

Unloading 5 unused Assets to reduce memory usage. Loaded Objects now: 3058.
Total: 5.832200 ms (FindLiveObjects: 0.303700 ms CreateObjectMapping: 0.118200 ms MarkObjects: 5.380200 ms  DeleteObjects: 0.028200 ms)

========================================================================
Received Prepare
Registering precompiled user dll's ...
Registered in 0.001618 seconds.
Begin MonoManager ReloadAssembly
Native extension for WindowsStandalone target not found
Native extension for WebGL target not found
Refreshing native plugins compatible for Editor in 0.48 ms, found 0 plugins.
Preloading 0 native plugins for Editor in 0.00 ms.
Invoked RoslynAnalysisRunner static constructor.
RoslynAnalysisRunner will not be running.
RoslynAnalysisRunner has terminated.
Mono: successfully reloaded assembly
- Completed reload, in  1.243 seconds
Platform modules already initialized, skipping
Shader 'Universal Render Pipeline/Particles/Lit': fallback shader 'Universal Render Pipeline/Particles/SimpleLit' not found
Refreshing native plugins compatible for Editor in 0.50 ms, found 0 plugins.
Preloading 0 native plugins for Editor in 0.00 ms.
Unloading 2343 Unused Serialized files (Serialized files now loaded: 0)
System memory in use before: 186.2 MB.
System memory in use after: 186.4 MB.

Unloading 5 unused Assets to reduce memory usage. Loaded Objects now: 3060.
Total: 2.592500 ms (FindLiveObjects: 0.273500 ms CreateObjectMapping: 0.100300 ms MarkObjects: 2.196200 ms  DeleteObjects: 0.020800 ms)

========================================================================
Received Prepare
Registering precompiled user dll's ...
Registered in 0.001630 seconds.
Begin MonoManager ReloadAssembly
Native extension for WindowsStandalone target not found
Native extension for WebGL target not found
Refreshing native plugins compatible for Editor in 0.47 ms, found 0 plugins.
Preloading 0 native plugins for Editor in 0.00 ms.
Invoked RoslynAnalysisRunner static constructor.
RoslynAnalysisRunner will not be running.
RoslynAnalysisRunner has terminated.
Mono: successfully reloaded assembly
- Completed reload, in  1.209 seconds
Platform modules already initialized, skipping
Shader 'Universal Render Pipeline/Particles/Lit': fallback shader 'Universal Render Pipeline/Particles/SimpleLit' not found
Refreshing native plugins compatible for Editor in 0.48 ms, found 0 plugins.
Preloading 0 native plugins for Editor in 0.00 ms.
Unloading 2343 Unused Serialized files (Serialized files now loaded: 0)
System memory in use before: 186.2 MB.
System memory in use after: 186.4 MB.

Unloading 5 unused Assets to reduce memory usage. Loaded Objects now: 3062.
Total: 2.801000 ms (FindLiveObjects: 0.296400 ms CreateObjectMapping: 0.131300 ms MarkObjects: 2.350800 ms  DeleteObjects: 0.020600 ms)

========================================================================
Received Prepare
Registering precompiled user dll's ...
Registered in 0.001522 seconds.
Begin MonoManager ReloadAssembly
Native extension for WindowsStandalone target not found
Native extension for WebGL target not found
Refreshing native plugins compatible for Editor in 0.60 ms, found 0 plugins.
Preloading 0 native plugins for Editor in 0.00 ms.
Invoked RoslynAnalysisRunner static constructor.
RoslynAnalysisRunner will not be running.
RoslynAnalysisRunner has terminated.
Mono: successfully reloaded assembly
- Completed reload, in  1.186 seconds
Platform modules already initialized, skipping
Shader 'Universal Render Pipeline/Particles/Lit': fallback shader 'Universal Render Pipeline/Particles/SimpleLit' not found
Refreshing native plugins compatible for Editor in 0.47 ms, found 0 plugins.
Preloading 0 native plugins for Editor in 0.00 ms.
Unloading 2343 Unused Serialized files (Serialized files now loaded: 0)
System memory in use before: 186.1 MB.
System memory in use after: 186.3 MB.

Unloading 5 unused Assets to reduce memory usage. Loaded Objects now: 3064.
Total: 3.213400 ms (FindLiveObjects: 0.271000 ms CreateObjectMapping: 0.104800 ms MarkObjects: 2.814400 ms  DeleteObjects: 0.021200 ms)

========================================================================
Received Prepare
Registering precompiled user dll's ...
Registered in 0.005960 seconds.
Begin MonoManager ReloadAssembly
Native extension for WindowsStandalone target not found
Native extension for WebGL target not found
Refreshing native plugins compatible for Editor in 0.51 ms, found 0 plugins.
Preloading 0 native plugins for Editor in 0.00 ms.
Invoked RoslynAnalysisRunner static constructor.
RoslynAnalysisRunner will not be running.
RoslynAnalysisRunner has terminated.
Mono: successfully reloaded assembly
- Completed reload, in  1.608 seconds
Platform modules already initialized, skipping
Shader 'Universal Render Pipeline/Particles/Lit': fallback shader 'Universal Render Pipeline/Particles/SimpleLit' not found
Refreshing native plugins compatible for Editor in 0.53 ms, found 0 plugins.
Preloading 0 native plugins for Editor in 0.00 ms.
Unloading 2343 Unused Serialized files (Serialized files now loaded: 0)
System memory in use before: 187.2 MB.
System memory in use after: 187.4 MB.

Unloading 5 unused Assets to reduce memory usage. Loaded Objects now: 3066.
Total: 3.304900 ms (FindLiveObjects: 0.375800 ms CreateObjectMapping: 0.154600 ms MarkObjects: 2.749400 ms  DeleteObjects: 0.023000 ms)

========================================================================
Received Prepare
Registering precompiled user dll's ...
Registered in 0.001700 seconds.
Begin MonoManager ReloadAssembly
Native extension for WindowsStandalone target not found
Native extension for WebGL target not found
Refreshing native plugins compatible for Editor in 0.63 ms, found 0 plugins.
Preloading 0 native plugins for Editor in 0.00 ms.
Invoked RoslynAnalysisRunner static constructor.
RoslynAnalysisRunner will not be running.
RoslynAnalysisRunner has terminated.
Mono: successfully reloaded assembly
- Completed reload, in  1.237 seconds
Platform modules already initialized, skipping
Shader 'Universal Render Pipeline/Particles/Lit': fallback shader 'Universal Render Pipeline/Particles/SimpleLit' not found
Refreshing native plugins compatible for Editor in 0.65 ms, found 0 plugins.
Preloading 0 native plugins for Editor in 0.00 ms.
Unloading 2343 Unused Serialized files (Serialized files now loaded: 0)
System memory in use before: 186.2 MB.
System memory in use after: 186.4 MB.

Unloading 5 unused Assets to reduce memory usage. Loaded Objects now: 3068.
Total: 2.661900 ms (FindLiveObjects: 0.304900 ms CreateObjectMapping: 0.112200 ms MarkObjects: 2.222300 ms  DeleteObjects: 0.020600 ms)

========================================================================
Received Prepare
Registering precompiled user dll's ...
Registered in 0.007676 seconds.
Begin MonoManager ReloadAssembly
Native extension for WindowsStandalone target not found
Native extension for WebGL target not found
Refreshing native plugins compatible for Editor in 0.63 ms, found 0 plugins.
Preloading 0 native plugins for Editor in 0.00 ms.
Invoked RoslynAnalysisRunner static constructor.
RoslynAnalysisRunner will not be running.
RoslynAnalysisRunner has terminated.
Mono: successfully reloaded assembly
- Completed reload, in  1.458 seconds
Platform modules already initialized, skipping
Shader 'Universal Render Pipeline/Particles/Lit': fallback shader 'Universal Render Pipeline/Particles/SimpleLit' not found
Refreshing native plugins compatible for Editor in 0.54 ms, found 0 plugins.
Preloading 0 native plugins for Editor in 0.00 ms.
Unloading 2343 Unused Serialized files (Serialized files now loaded: 0)
System memory in use before: 186.2 MB.
System memory in use after: 186.4 MB.

Unloading 5 unused Assets to reduce memory usage. Loaded Objects now: 3070.
Total: 2.889200 ms (FindLiveObjects: 0.556700 ms CreateObjectMapping: 0.122100 ms MarkObjects: 2.190400 ms  DeleteObjects: 0.018200 ms)

========================================================================
Received Prepare
Registering precompiled user dll's ...
Registered in 0.001917 seconds.
Begin MonoManager ReloadAssembly
Native extension for WindowsStandalone target not found
Native extension for WebGL target not found
Refreshing native plugins compatible for Editor in 0.52 ms, found 0 plugins.
Preloading 0 native plugins for Editor in 0.00 ms.
Invoked RoslynAnalysisRunner static constructor.
RoslynAnalysisRunner will not be running.
RoslynAnalysisRunner has terminated.
Mono: successfully reloaded assembly
- Completed reload, in  1.205 seconds
Platform modules already initialized, skipping
Shader 'Universal Render Pipeline/Particles/Lit': fallback shader 'Universal Render Pipeline/Particles/SimpleLit' not found
Refreshing native plugins compatible for Editor in 0.48 ms, found 0 plugins.
Preloading 0 native plugins for Editor in 0.00 ms.
Unloading 2343 Unused Serialized files (Serialized files now loaded: 0)
System memory in use before: 186.2 MB.
System memory in use after: 186.4 MB.

Unloading 5 unused Assets to reduce memory usage. Loaded Objects now: 3072.
Total: 2.641500 ms (FindLiveObjects: 0.330900 ms CreateObjectMapping: 0.108200 ms MarkObjects: 2.179100 ms  DeleteObjects: 0.021600 ms)

========================================================================
Received Prepare
Registering precompiled user dll's ...
Registered in 0.001625 seconds.
Begin MonoManager ReloadAssembly
Native extension for WindowsStandalone target not found
Native extension for WebGL target not found
Refreshing native plugins compatible for Editor in 0.60 ms, found 0 plugins.
Preloading 0 native plugins for Editor in 0.00 ms.
Invoked RoslynAnalysisRunner static constructor.
RoslynAnalysisRunner will not be running.
RoslynAnalysisRunner has terminated.
Mono: successfully reloaded assembly
- Completed reload, in  1.225 seconds
Platform modules already initialized, skipping
Shader 'Universal Render Pipeline/Particles/Lit': fallback shader 'Universal Render Pipeline/Particles/SimpleLit' not found
Refreshing native plugins compatible for Editor in 0.46 ms, found 0 plugins.
Preloading 0 native plugins for Editor in 0.00 ms.
Unloading 2343 Unused Serialized files (Serialized files now loaded: 0)
System memory in use before: 186.1 MB.
System memory in use after: 186.3 MB.

Unloading 5 unused Assets to reduce memory usage. Loaded Objects now: 3074.
Total: 3.801800 ms (FindLiveObjects: 0.352300 ms CreateObjectMapping: 0.127900 ms MarkObjects: 3.247600 ms  DeleteObjects: 0.072200 ms)

========================================================================
Received Prepare
Registering precompiled user dll's ...
Registered in 0.001674 seconds.
Begin MonoManager ReloadAssembly
Native extension for WindowsStandalone target not found
Native extension for WebGL target not found
Refreshing native plugins compatible for Editor in 0.48 ms, found 0 plugins.
Preloading 0 native plugins for Editor in 0.00 ms.
Invoked RoslynAnalysisRunner static constructor.
RoslynAnalysisRunner will not be running.
RoslynAnalysisRunner has terminated.
Mono: successfully reloaded assembly
- Completed reload, in  1.202 seconds
Platform modules already initialized, skipping
Shader 'Universal Render Pipeline/Particles/Lit': fallback shader 'Universal Render Pipeline/Particles/SimpleLit' not found
Refreshing native plugins compatible for Editor in 0.47 ms, found 0 plugins.
Preloading 0 native plugins for Editor in 0.00 ms.
Unloading 2343 Unused Serialized files (Serialized files now loaded: 0)
System memory in use before: 186.2 MB.
System memory in use after: 186.4 MB.

Unloading 5 unused Assets to reduce memory usage. Loaded Objects now: 3076.
Total: 2.444000 ms (FindLiveObjects: 0.275900 ms CreateObjectMapping: 0.100100 ms MarkObjects: 2.046900 ms  DeleteObjects: 0.019600 ms)

========================================================================
Received Prepare
Registering precompiled user dll's ...
Registered in 0.001618 seconds.
Begin MonoManager ReloadAssembly
Native extension for WindowsStandalone target not found
Native extension for WebGL target not found
Refreshing native plugins compatible for Editor in 0.51 ms, found 0 plugins.
Preloading 0 native plugins for Editor in 0.00 ms.
Invoked RoslynAnalysisRunner static constructor.
RoslynAnalysisRunner will not be running.
RoslynAnalysisRunner has terminated.
Mono: successfully reloaded assembly
- Completed reload, in  1.310 seconds
Platform modules already initialized, skipping
Shader 'Universal Render Pipeline/Particles/Lit': fallback shader 'Universal Render Pipeline/Particles/SimpleLit' not found
Refreshing native plugins compatible for Editor in 0.52 ms, found 0 plugins.
Preloading 0 native plugins for Editor in 0.00 ms.
Unloading 2343 Unused Serialized files (Serialized files now loaded: 0)
System memory in use before: 186.2 MB.
System memory in use after: 186.4 MB.

Unloading 5 unused Assets to reduce memory usage. Loaded Objects now: 3078.
Total: 3.128900 ms (FindLiveObjects: 0.377400 ms CreateObjectMapping: 0.151400 ms MarkObjects: 2.571800 ms  DeleteObjects: 0.026500 ms)

========================================================================
Received Prepare
Registering precompiled user dll's ...
Registered in 0.010632 seconds.
Begin MonoManager ReloadAssembly
Native extension for WindowsStandalone target not found
Native extension for WebGL target not found
Refreshing native plugins compatible for Editor in 0.54 ms, found 0 plugins.
Preloading 0 native plugins for Editor in 0.00 ms.
Invoked RoslynAnalysisRunner static constructor.
RoslynAnalysisRunner will not be running.
RoslynAnalysisRunner has terminated.
Mono: successfully reloaded assembly
- Completed reload, in  1.750 seconds
Platform modules already initialized, skipping
Shader 'Universal Render Pipeline/Particles/Lit': fallback shader 'Universal Render Pipeline/Particles/SimpleLit' not found
Refreshing native plugins compatible for Editor in 0.51 ms, found 0 plugins.
Preloading 0 native plugins for Editor in 0.00 ms.
Unloading 2343 Unused Serialized files (Serialized files now loaded: 0)
System memory in use before: 186.2 MB.
System memory in use after: 186.4 MB.

Unloading 5 unused Assets to reduce memory usage. Loaded Objects now: 3080.
Total: 3.227300 ms (FindLiveObjects: 0.377200 ms CreateObjectMapping: 0.180300 ms MarkObjects: 2.641600 ms  DeleteObjects: 0.025400 ms)

========================================================================
Received Prepare
Registering precompiled user dll's ...
Registered in 0.001700 seconds.
Begin MonoManager ReloadAssembly
Native extension for WindowsStandalone target not found
Native extension for WebGL target not found
Refreshing native plugins compatible for Editor in 0.48 ms, found 0 plugins.
Preloading 0 native plugins for Editor in 0.00 ms.
Invoked RoslynAnalysisRunner static constructor.
RoslynAnalysisRunner will not be running.
RoslynAnalysisRunner has terminated.
Mono: successfully reloaded assembly
- Completed reload, in  1.231 seconds
Platform modules already initialized, skipping
Shader 'Universal Render Pipeline/Particles/Lit': fallback shader 'Universal Render Pipeline/Particles/SimpleLit' not found
Refreshing native plugins compatible for Editor in 0.50 ms, found 0 plugins.
Preloading 0 native plugins for Editor in 0.00 ms.
Unloading 2343 Unused Serialized files (Serialized files now loaded: 0)
System memory in use before: 186.2 MB.
System memory in use after: 186.5 MB.

Unloading 5 unused Assets to reduce memory usage. Loaded Objects now: 3082.
Total: 2.996100 ms (FindLiveObjects: 0.276100 ms CreateObjectMapping: 0.098600 ms MarkObjects: 2.600700 ms  DeleteObjects: 0.019100 ms)

========================================================================
Received Prepare
Registering precompiled user dll's ...
Registered in 0.001622 seconds.
Begin MonoManager ReloadAssembly
Native extension for WindowsStandalone target not found
Native extension for WebGL target not found
Refreshing native plugins compatible for Editor in 0.55 ms, found 0 plugins.
Preloading 0 native plugins for Editor in 0.00 ms.
Invoked RoslynAnalysisRunner static constructor.
RoslynAnalysisRunner will not be running.
RoslynAnalysisRunner has terminated.
Mono: successfully reloaded assembly
- Completed reload, in  1.197 seconds
Platform modules already initialized, skipping
Shader 'Universal Render Pipeline/Particles/Lit': fallback shader 'Universal Render Pipeline/Particles/SimpleLit' not found
Refreshing native plugins compatible for Editor in 0.47 ms, found 0 plugins.
Preloading 0 native plugins for Editor in 0.00 ms.
Unloading 2343 Unused Serialized files (Serialized files now loaded: 0)
System memory in use before: 186.1 MB.
System memory in use after: 186.4 MB.

Unloading 5 unused Assets to reduce memory usage. Loaded Objects now: 3084.
Total: 3.213100 ms (FindLiveObjects: 0.360200 ms CreateObjectMapping: 0.223600 ms MarkObjects: 2.604800 ms  DeleteObjects: 0.022600 ms)

========================================================================
Received Prepare
Registering precompiled user dll's ...
Registered in 0.002156 seconds.
Begin MonoManager ReloadAssembly
Native extension for WindowsStandalone target not found
Native extension for WebGL target not found
Refreshing native plugins compatible for Editor in 0.52 ms, found 0 plugins.
Preloading 0 native plugins for Editor in 0.00 ms.
Invoked RoslynAnalysisRunner static constructor.
RoslynAnalysisRunner will not be running.
RoslynAnalysisRunner has terminated.
Mono: successfully reloaded assembly
- Completed reload, in  1.393 seconds
Platform modules already initialized, skipping
Shader 'Universal Render Pipeline/Particles/Lit': fallback shader 'Universal Render Pipeline/Particles/SimpleLit' not found
Refreshing native plugins compatible for Editor in 0.46 ms, found 0 plugins.
Preloading 0 native plugins for Editor in 0.00 ms.
Unloading 2343 Unused Serialized files (Serialized files now loaded: 0)
System memory in use before: 186.2 MB.
System memory in use after: 186.5 MB.

Unloading 5 unused Assets to reduce memory usage. Loaded Objects now: 3086.
Total: 6.421600 ms (FindLiveObjects: 0.303700 ms CreateObjectMapping: 0.107100 ms MarkObjects: 5.989600 ms  DeleteObjects: 0.019400 ms)

AssetImportWorkerClient::OnTransportError - code=2 error=End of file
