Using pre-set license
Built from '2020.2/release' branch; Version is '2020.2.1f1 (270dd8c3da1c) revision 2559448'; Using compiler version '192528614'; Build Type 'Release'
OS: 'Windows 10  (10.0.0) 64bit' Language: 'en' Physical Memory: 8140 MB
BatchMode: 1, IsHumanControllingUs: 0, StartBugReporterOnCrash: 0, Is64bit: 1, IsPro: 0

 COMMAND LINE ARGUMENTS:
D:\ProgramData\Unity Editors\2020.2.1f1\Editor\Unity.exe
-adb2
-batchMode
-noUpm
-name
AssetImportWorker1
-projectPath
C:/Users/love/Documents/GitHub/UnityGame-Slayer/slayer
-logFile
Logs/AssetImportWorker1.log
-srvPort
52785
Successfully changed project path to: C:/Users/love/Documents/GitHub/UnityGame-Slayer/slayer
C:/Users/love/Documents/GitHub/UnityGame-Slayer/slayer
Using Asset Import Pipeline V2.
Refreshing native plugins compatible for Editor in 66.93 ms, found 0 plugins.
Preloading 0 native plugins for Editor in 0.00 ms.
Initialize engine version: 2020.2.1f1 (270dd8c3da1c)
[Subsystems] Discovering subsystems at path D:/ProgramData/Unity Editors/2020.2.1f1/Editor/Data/Resources/UnitySubsystems
[Subsystems] Discovering subsystems at path C:/Users/love/Documents/GitHub/UnityGame-Slayer/slayer/Assets
GfxDevice: creating device client; threaded=0
Direct3D:
    Version:  Direct3D 11.0 [level 11.1]
    Renderer: Radeon RX 580 Series (ID=0x67df)
    Vendor:   
    VRAM:     4075 MB
    Driver:   27.20.12027.1001
Shader 'Universal Render Pipeline/Particles/Lit': fallback shader 'Universal Render Pipeline/Particles/SimpleLit' not found
Initialize mono
Mono path[0] = 'D:/ProgramData/Unity Editors/2020.2.1f1/Editor/Data/Managed'
Mono path[1] = 'D:/ProgramData/Unity Editors/2020.2.1f1/Editor/Data/MonoBleedingEdge/lib/mono/unityjit'
Mono config path = 'D:/ProgramData/Unity Editors/2020.2.1f1/Editor/Data/MonoBleedingEdge/etc'
Using monoOptions --debugger-agent=transport=dt_socket,embedding=1,server=y,suspend=n,address=127.0.0.1:56956
Begin MonoManager ReloadAssembly
Registering precompiled unity dll's ...
Register platform support module: D:/ProgramData/Unity Editors/2020.2.1f1/Editor/Data/PlaybackEngines/WebGLSupport/UnityEditor.WebGL.Extensions.dll
Register platform support module: D:/ProgramData/Unity Editors/2020.2.1f1/Editor/Data/PlaybackEngines/WindowsStandaloneSupport/UnityEditor.WindowsStandalone.Extensions.dll
Registered in 0.001599 seconds.
Native extension for WindowsStandalone target not found
Native extension for WebGL target not found
Refreshing native plugins compatible for Editor in 67.18 ms, found 0 plugins.
Preloading 0 native plugins for Editor in 0.00 ms.
Invoked RoslynAnalysisRunner static constructor.
RoslynAnalysisRunner will not be running.
RoslynAnalysisRunner has terminated.
Mono: successfully reloaded assembly
- Completed reload, in  1.668 seconds
Platform modules already initialized, skipping
Registering precompiled user dll's ...
Registered in 0.001879 seconds.
Begin MonoManager ReloadAssembly
Native extension for WindowsStandalone target not found
Native extension for WebGL target not found
Refreshing native plugins compatible for Editor in 75.60 ms, found 0 plugins.
Preloading 0 native plugins for Editor in 0.00 ms.
Invoked RoslynAnalysisRunner static constructor.
RoslynAnalysisRunner will not be running.
RoslynAnalysisRunner has terminated.
Mono: successfully reloaded assembly
- Completed reload, in  1.521 seconds
Platform modules already initialized, skipping
========================================================================
Worker process is ready to serve import requests
Shader 'Universal Render Pipeline/Particles/Lit': fallback shader 'Universal Render Pipeline/Particles/SimpleLit' not found
Launched and connected shader compiler UnityShaderCompiler.exe after 0.14 seconds
Refreshing native plugins compatible for Editor in 0.58 ms, found 0 plugins.
Preloading 0 native plugins for Editor in 0.00 ms.
Unloading 2452 Unused Serialized files (Serialized files now loaded: 0)
System memory in use before: 185.5 MB.
System memory in use after: 185.7 MB.

Unloading 10 unused Assets to reduce memory usage. Loaded Objects now: 2897.
Total: 3.744700 ms (FindLiveObjects: 0.485500 ms CreateObjectMapping: 0.325000 ms MarkObjects: 2.858000 ms  DeleteObjects: 0.074500 ms)

========================================================================
Received Import Request.
  path: Assets/Images/paint0001.png
  artifactKey: Guid(dd45c91032ead5d47a001f416b5576ee) Importer(815301076,1909f56bfc062723c751e8b465ee728b)
Start importing Assets/Images/paint0001.png using Guid(dd45c91032ead5d47a001f416b5576ee) Importer(815301076,1909f56bfc062723c751e8b465ee728b)  -> (artifact id: '197680919edd1c12bff42dbc289d78ce') in 0.464591 seconds
  Import took 0.472632 seconds .

========================================================================
Received Import Request.
  Time since last request: 0.000198 seconds.
  path: Assets/Images/paint0000.png
  artifactKey: Guid(488009859a1b62b4d84c3ab736ea96dd) Importer(815301076,1909f56bfc062723c751e8b465ee728b)
Start importing Assets/Images/paint0000.png using Guid(488009859a1b62b4d84c3ab736ea96dd) Importer(815301076,1909f56bfc062723c751e8b465ee728b)  -> (artifact id: 'b207b5e215093da2b62b8088ef6dde85') in 0.029155 seconds
  Import took 0.035803 seconds .

AssetImportWorkerClient::OnTransportError - code=2 error=End of file
